#
# There is insufficient memory for the Java Runtime Environment to continue.
# Native memory allocation (mmap) failed to map 194510848 bytes for committing reserved memory.
# Possible reasons:
#   The system is out of physical RAM or swap space
#   In 32 bit mode, the process size limit was hit
# Possible solutions:
#   Reduce memory load on the system
#   Increase physical memory or swap space
#   Check if swap backing store is full
#   Use 64 bit Java on a 64 bit OS
#   Decrease Java heap size (-Xmx/-Xms)
#   Decrease number of Java threads
#   Decrease Java thread stack sizes (-Xss)
#   Set larger code cache with -XX:ReservedCodeCacheSize=
# This output file may be truncated or incomplete.
#
#  Out of Memory Error (os_linux.cpp:2627), pid=3341, tid=0x00007f5b0454b700
#
# JRE version: OpenJDK Runtime Environment (8.0_76-b03) (build 1.8.0_76-release-b03)
# Java VM: OpenJDK 64-Bit Server VM (25.76-b03 mixed mode linux-amd64 compressed oops)
# Failed to write core dump. Core dumps have been disabled. To enable core dumping, try "ulimit -c unlimited" before starting Java again
#

---------------  T H R E A D  ---------------

Current thread (0x00007f5b00077800):  VMThread [stack: 0x00007f5b0444b000,0x00007f5b0454c000] [id=3349]

Stack: [0x00007f5b0444b000,0x00007f5b0454c000],  sp=0x00007f5b0454a4d0,  free space=1021k
Native frames: (J=compiled Java code, j=interpreted, Vv=VM code, C=native code)
V  [libjvm.so+0x9d9fcd]  VMError::report_and_die()+0x15d
V  [libjvm.so+0x4b4d4a]  report_vm_out_of_memory(char const*, int, unsigned long, VMErrorType, char const*)+0x8a
V  [libjvm.so+0x845190]  os::pd_commit_memory(char*, unsigned long, unsigned long, bool)+0xf0
V  [libjvm.so+0x83fcbf]  os::commit_memory(char*, unsigned long, unsigned long, bool)+0x1f
V  [libjvm.so+0x8b4d9b]  PSVirtualSpace::expand_by(unsigned long)+0x5b
V  [libjvm.so+0x8a5b7b]  PSOldGen::expand_by(unsigned long) [clone .part.109]+0x1b
V  [libjvm.so+0x8a5d3b]  PSOldGen::expand(unsigned long) [clone .part.111]+0xdb
V  [libjvm.so+0x8a6618]  PSOldGen::resize(unsigned long)+0x188
V  [libjvm.so+0x8abc2c]  PSParallelCompact::invoke_no_policy(bool)+0x97c
V  [libjvm.so+0x8b2d3d]  PSScavenge::invoke()+0x17d
V  [libjvm.so+0x8681f3]  ParallelScavengeHeap::failed_mem_allocate(unsigned long)+0x63
V  [libjvm.so+0x9dba94]  VM_ParallelGCFailedAllocation::doit()+0x84
V  [libjvm.so+0x9dfe47]  VM_Operation::evaluate()+0x47
V  [libjvm.so+0x9de908]  VMThread::evaluate_operation(VM_Operation*)+0x2c8
V  [libjvm.so+0x9ded89]  VMThread::loop()+0x219
V  [libjvm.so+0x9df1d2]  VMThread::run()+0x72
V  [libjvm.so+0x8425b2]  java_start(Thread*)+0xf2

VM_Operation (0x00007f5a73bfe0a0): ParallelGCFailedAllocation, mode: safepoint, requested by thread 0x00007f5a78068000


---------------  P R O C E S S  ---------------

Java Threads: ( => current thread )
  0x00007f5a7806a000 JavaThread "pool-14-thread-4" [_thread_blocked, id=3606, stack(0x00007f5a738d5000,0x00007f5a739d6000)]
  0x00007f5a78069000 JavaThread "pool-14-thread-3" [_thread_blocked, id=3605, stack(0x00007f5ab4af2000,0x00007f5ab4bf3000)]
  0x00007f5a78068000 JavaThread "pool-14-thread-2" [_thread_blocked, id=3604, stack(0x00007f5a73aff000,0x00007f5a73c00000)]
  0x00007f5a78066800 JavaThread "pool-15-thread-1" [_thread_blocked, id=3603, stack(0x00007f5ab47ef000,0x00007f5ab48f0000)]
  0x00007f5a7804f000 JavaThread "pool-14-thread-1" [_thread_blocked, id=3602, stack(0x00007f5ab48f0000,0x00007f5ab49f1000)]
  0x00007f5aa4252800 JavaThread "pool-12-thread-1" [_thread_blocked, id=3601, stack(0x00007f5ab49f1000,0x00007f5ab4af2000)]
  0x00007f5aa4025800 JavaThread "pool-10-thread-4" [_thread_blocked, id=3578, stack(0x00007f5ab46ee000,0x00007f5ab47ef000)]
  0x00007f5aa408c800 JavaThread "pool-10-thread-3" [_thread_blocked, id=3577, stack(0x00007f5ab4bf3000,0x00007f5ab4cf4000)]
  0x00007f5aa408b800 JavaThread "pool-10-thread-2" [_thread_blocked, id=3576, stack(0x00007f5ab4cf4000,0x00007f5ab4df5000)]
  0x00007f5aa408a800 JavaThread "pool-10-thread-1" [_thread_blocked, id=3575, stack(0x00007f5ab4df5000,0x00007f5ab4ef6000)]
  0x00007f5aa4093000 JavaThread "Cache update executor" [_thread_blocked, id=3567, stack(0x00007f5ab52f6000,0x00007f5ab53f7000)]
  0x00007f5aa4016000 JavaThread "Stdin handler" [_thread_blocked, id=3563, stack(0x00007f5ab77fa000,0x00007f5ab78fb000)]
  0x00007f5aa4015000 JavaThread "Asynchronous log dispatcher for DefaultDaemonConnection: socket connection from /127.0.0.1:44001 to /127.0.0.1:39056" [_thread_blocked, id=3561, stack(0x00007f5ab78fb000,0x00007f5ab79fc000)]
  0x00007f5aac005800 JavaThread "Cancel handler" [_thread_blocked, id=3559, stack(0x00007f5ab7cff000,0x00007f5ab7e00000)]
  0x00007f5aac007800 JavaThread "Handler for socket connection from /127.0.0.1:44001 to /127.0.0.1:39056" [_thread_in_native, id=3558, stack(0x00007f5ab79fc000,0x00007f5ab7afd000)]
  0x00007f5a7c001800 JavaThread "process reaper" daemon [_thread_blocked, id=3523, stack(0x00007f5ab71c1000,0x00007f5ab71fa000)]
  0x00007f5aac00f800 JavaThread "Daemon worker Thread 2" [_thread_blocked, id=3509, stack(0x00007f5ab7afd000,0x00007f5ab7bfe000)]
  0x00007f5ab003e000 JavaThread "Daemon Thread 2" [_thread_blocked, id=3506, stack(0x00007f5adc07c000,0x00007f5adc17d000)]
  0x00007f5aa04eb800 JavaThread "pool-2-thread-1" [_thread_blocked, id=3371, stack(0x00007f5ab620a000,0x00007f5ab630b000)]
  0x00007f5aa0cb8800 JavaThread "File lock request listener" [_thread_in_native, id=3370, stack(0x00007f5ab6a50000,0x00007f5ab6b51000)]
  0x00007f5b00d59800 JavaThread "pool-1-thread-1" [_thread_blocked, id=3361, stack(0x00007f5ab7bfe000,0x00007f5ab7cff000)]
  0x00007f5b00d1a800 JavaThread "Incoming local TCP Connector on port 44001" [_thread_in_native, id=3358, stack(0x00007f5adc184000,0x00007f5adc285000)]
  0x00007f5b000c7800 JavaThread "Service Thread" daemon [_thread_blocked, id=3356, stack(0x00007f5af0a10000,0x00007f5af0b11000)]
  0x00007f5b000bc800 JavaThread "C1 CompilerThread2" daemon [_thread_blocked, id=3355, stack(0x00007f5af0b11000,0x00007f5af0c12000)]
  0x00007f5b000ba800 JavaThread "C2 CompilerThread1" daemon [_thread_blocked, id=3354, stack(0x00007f5af0c12000,0x00007f5af0d13000)]
  0x00007f5b000b8000 JavaThread "C2 CompilerThread0" daemon [_thread_blocked, id=3353, stack(0x00007f5b04047000,0x00007f5b04148000)]
  0x00007f5b000b6800 JavaThread "Signal Dispatcher" daemon [_thread_blocked, id=3352, stack(0x00007f5b04148000,0x00007f5b04249000)]
  0x00007f5b00083800 JavaThread "Finalizer" daemon [_thread_blocked, id=3351, stack(0x00007f5b04249000,0x00007f5b0434a000)]
  0x00007f5b0007f000 JavaThread "Reference Handler" daemon [_thread_blocked, id=3350, stack(0x00007f5b0434a000,0x00007f5b0444b000)]
  0x00007f5b0000a000 JavaThread "main" [_thread_blocked, id=3342, stack(0x00007f5b09ccd000,0x00007f5b09dce000)]

Other Threads:
=>0x00007f5b00077800 VMThread [stack: 0x00007f5b0444b000,0x00007f5b0454c000] [id=3349]
  0x00007f5b000ca000 WatcherThread [stack: 0x00007f5af090f000,0x00007f5af0a10000] [id=3357]

VM state:at safepoint (normal execution)

VM Mutex/Monitor currently owned by a thread:  ([mutex/lock_event])
[0x00007f5b00005d10] ExpandHeap_lock - owner thread: 0x00007f5b00077800
[0x00007f5b00006390] Threads_lock - owner thread: 0x00007f5b00077800
[0x00007f5b00006890] Heap_lock - owner thread: 0x00007f5a78068000

Heap:
 PSYoungGen      total 351744K, used 43713K [0x00000000e0000000, 0x0000000100000000, 0x0000000100000000)
  eden space 240640K, 0% used [0x00000000e0000000,0x00000000e0000000,0x00000000eeb00000)
  from space 111104K, 39% used [0x00000000f9380000,0x00000000fbe30470,0x0000000100000000)
  to   space 141824K, 0% used [0x00000000eeb00000,0x00000000eeb00000,0x00000000f7580000)
 ParOldGen       total 510464K, used 509965K [0x00000000a0000000, 0x00000000bf280000, 0x00000000e0000000)
  object space 510464K, 99% used [0x00000000a0000000,0x00000000bf203528,0x00000000bf280000)
 Metaspace       used 65928K, capacity 67926K, committed 68096K, reserved 1107968K
  class space    used 8317K, capacity 8700K, committed 8704K, reserved 1048576K

Card table byte_map: [0x00007f5b06873000,0x00007f5b06b74000] byte_map_base: 0x00007f5b06373000

Marking Bits: (ParMarkBitMap*) 0x00007f5b091a51a0
 Begin Bits: [0x00007f5add000000, 0x00007f5ade800000)
 End Bits:   [0x00007f5ade800000, 0x00007f5ae0000000)

Polling page: 0x00007f5b09df5000

CodeCache: size=245760Kb used=43787Kb max_used=43817Kb free=201972Kb
 bounds [0x00007f5af1000000, 0x00007f5af3b50000, 0x00007f5b00000000]
 total_blobs=13382 nmethods=12603 adapters=691
 compilation: enabled

Compilation events (10 events):
Event: 326.315 Thread 0x00007f5b000bc800 16277 %     3       com.android.dx.ssa.back.FirstFitLocalCombiningAllocator::rangeContainsReserved @ 2 (30 bytes)
Event: 326.316 Thread 0x00007f5b000bc800 nmethod 16277% 0x00007f5af3263550 code [0x00007f5af32636e0, 0x00007f5af3263a08]
Event: 326.316 Thread 0x00007f5b000bc800 16279 %     3       com.android.dx.cf.code.ExecutionStack::makeInitialized @ 19 (51 bytes)
Event: 326.316 Thread 0x00007f5b000bc800 nmethod 16279% 0x00007f5af354b710 code [0x00007f5af354b8c0, 0x00007f5af354bfd8]
Event: 326.317 Thread 0x00007f5b000bc800 16280       3       com.android.dx.util.LabeledList::getMaxLabel (47 bytes)
Event: 326.317 Thread 0x00007f5b000bc800 nmethod 16280 0x00007f5af3467910 code [0x00007f5af3467aa0, 0x00007f5af3467f18]
Event: 326.398 Thread 0x00007f5b000bc800 16282       3       com.android.dx.dex.file.ValueEncoder::addContents (75 bytes)
Event: 326.400 Thread 0x00007f5b000bc800 nmethod 16282 0x00007f5af3b0b610 code [0x00007f5af3b0b8c0, 0x00007f5af3b0cef8]
Event: 326.480 Thread 0x00007f5b000ba800 nmethod 16271 0x00007f5af3b33450 code [0x00007f5af3b33aa0, 0x00007f5af3b385c0]
Event: 326.480 Thread 0x00007f5b000ba800 16275 %     4       com.android.dx.ssa.SCCP::run @ 13 (298 bytes)

GC Heap History (10 events):
Event: 322.347 GC heap after
Heap after GC invocations=31 (full 7):
 PSYoungGen      total 401920K, used 22589K [0x00000000e0000000, 0x0000000100000000, 0x0000000100000000)
  eden space 325632K, 0% used [0x00000000e0000000,0x00000000e0000000,0x00000000f3e00000)
  from space 76288K, 29% used [0x00000000fb580000,0x00000000fcb8f610,0x0000000100000000)
  to   space 99328K, 0% used [0x00000000f3e00000,0x00000000f3e00000,0x00000000f9f00000)
 ParOldGen       total 510464K, used 346486K [0x00000000a0000000, 0x00000000bf280000, 0x00000000e0000000)
  object space 510464K, 67% used [0x00000000a0000000,0x00000000b525d830,0x00000000bf280000)
 Metaspace       used 65922K, capacity 67926K, committed 68096K, reserved 1107968K
  class space    used 8316K, capacity 8700K, committed 8704K, reserved 1048576K
}
Event: 323.442 GC heap before
{Heap before GC invocations=32 (full 7):
 PSYoungGen      total 401920K, used 348221K [0x00000000e0000000, 0x0000000100000000, 0x0000000100000000)
  eden space 325632K, 100% used [0x00000000e0000000,0x00000000f3e00000,0x00000000f3e00000)
  from space 76288K, 29% used [0x00000000fb580000,0x00000000fcb8f610,0x0000000100000000)
  to   space 99328K, 0% used [0x00000000f3e00000,0x00000000f3e00000,0x00000000f9f00000)
 ParOldGen       total 510464K, used 346486K [0x00000000a0000000, 0x00000000bf280000, 0x00000000e0000000)
  object space 510464K, 67% used [0x00000000a0000000,0x00000000b525d830,0x00000000bf280000)
 Metaspace       used 65923K, capacity 67926K, committed 68096K, reserved 1107968K
  class space    used 8316K, capacity 8700K, committed 8704K, reserved 1048576K
Event: 323.654 GC heap after
Heap after GC invocations=32 (full 7):
 PSYoungGen      total 424960K, used 49007K [0x00000000e0000000, 0x0000000100000000, 0x0000000100000000)
  eden space 325632K, 0% used [0x00000000e0000000,0x00000000e0000000,0x00000000f3e00000)
  from space 99328K, 49% used [0x00000000f3e00000,0x00000000f6ddbd80,0x00000000f9f00000)
  to   space 96768K, 0% used [0x00000000fa180000,0x00000000fa180000,0x0000000100000000)
 ParOldGen       total 510464K, used 367273K [0x00000000a0000000, 0x00000000bf280000, 0x00000000e0000000)
  object space 510464K, 71% used [0x00000000a0000000,0x00000000b66aa7f8,0x00000000bf280000)
 Metaspace       used 65923K, capacity 67926K, committed 68096K, reserved 1107968K
  class space    used 8316K, capacity 8700K, committed 8704K, reserved 1048576K
}
Event: 324.629 GC heap before
{Heap before GC invocations=33 (full 7):
 PSYoungGen      total 424960K, used 374639K [0x00000000e0000000, 0x0000000100000000, 0x0000000100000000)
  eden space 325632K, 100% used [0x00000000e0000000,0x00000000f3e00000,0x00000000f3e00000)
  from space 99328K, 49% used [0x00000000f3e00000,0x00000000f6ddbd80,0x00000000f9f00000)
  to   space 96768K, 0% used [0x00000000fa180000,0x00000000fa180000,0x0000000100000000)
 ParOldGen       total 510464K, used 368103K [0x00000000a0000000, 0x00000000bf280000, 0x00000000e0000000)
  object space 510464K, 72% used [0x00000000a0000000,0x00000000b6779f90,0x00000000bf280000)
 Metaspace       used 65926K, capacity 67926K, committed 68096K, reserved 1107968K
  class space    used 8317K, capacity 8700K, committed 8704K, reserved 1048576K
Event: 324.764 GC heap after
Heap after GC invocations=33 (full 7):
 PSYoungGen      total 398848K, used 94840K [0x00000000e0000000, 0x0000000100000000, 0x0000000100000000)
  eden space 302080K, 0% used [0x00000000e0000000,0x00000000e0000000,0x00000000f2700000)
  from space 96768K, 98% used [0x00000000fa180000,0x00000000ffe1e2a0,0x0000000100000000)
  to   space 111104K, 0% used [0x00000000f2700000,0x00000000f2700000,0x00000000f9380000)
 ParOldGen       total 510464K, used 368103K [0x00000000a0000000, 0x00000000bf280000, 0x00000000e0000000)
  object space 510464K, 72% used [0x00000000a0000000,0x00000000b6779f90,0x00000000bf280000)
 Metaspace       used 65926K, capacity 67926K, committed 68096K, reserved 1107968K
  class space    used 8317K, capacity 8700K, committed 8704K, reserved 1048576K
}
Event: 325.611 GC heap before
{Heap before GC invocations=34 (full 7):
 PSYoungGen      total 398848K, used 396920K [0x00000000e0000000, 0x0000000100000000, 0x0000000100000000)
  eden space 302080K, 100% used [0x00000000e0000000,0x00000000f2700000,0x00000000f2700000)
  from space 96768K, 98% used [0x00000000fa180000,0x00000000ffe1e2a0,0x0000000100000000)
  to   space 111104K, 0% used [0x00000000f2700000,0x00000000f2700000,0x00000000f9380000)
 ParOldGen       total 510464K, used 368105K [0x00000000a0000000, 0x00000000bf280000, 0x00000000e0000000)
  object space 510464K, 72% used [0x00000000a0000000,0x00000000b677a570,0x00000000bf280000)
 Metaspace       used 65928K, capacity 67926K, committed 68096K, reserved 1107968K
  class space    used 8317K, capacity 8700K, committed 8704K, reserved 1048576K
Event: 325.812 GC heap after
Heap after GC invocations=34 (full 7):
 PSYoungGen      total 413184K, used 111082K [0x00000000e0000000, 0x0000000100000000, 0x0000000100000000)
  eden space 302080K, 0% used [0x00000000e0000000,0x00000000e0000000,0x00000000f2700000)
  from space 111104K, 99% used [0x00000000f2700000,0x00000000f937abe8,0x00000000f9380000)
  to   space 111104K, 0% used [0x00000000f9380000,0x00000000f9380000,0x0000000100000000)
 ParOldGen       total 510464K, used 396992K [0x00000000a0000000, 0x00000000bf280000, 0x00000000e0000000)
  object space 510464K, 77% used [0x00000000a0000000,0x00000000b83b0128,0x00000000bf280000)
 Metaspace       used 65928K, capacity 67926K, committed 68096K, reserved 1107968K
  class space    used 8317K, capacity 8700K, committed 8704K, reserved 1048576K
}
Event: 326.516 GC heap before
{Heap before GC invocations=35 (full 7):
 PSYoungGen      total 413184K, used 413162K [0x00000000e0000000, 0x0000000100000000, 0x0000000100000000)
  eden space 302080K, 100% used [0x00000000e0000000,0x00000000f2700000,0x00000000f2700000)
  from space 111104K, 99% used [0x00000000f2700000,0x00000000f937abe8,0x00000000f9380000)
  to   space 111104K, 0% used [0x00000000f9380000,0x00000000f9380000,0x0000000100000000)
 ParOldGen       total 510464K, used 396992K [0x00000000a0000000, 0x00000000bf280000, 0x00000000e0000000)
  object space 510464K, 77% used [0x00000000a0000000,0x00000000b83b0128,0x00000000bf280000)
 Metaspace       used 65928K, capacity 67926K, committed 68096K, reserved 1107968K
  class space    used 8317K, capacity 8700K, committed 8704K, reserved 1048576K
Event: 326.768 GC heap after
Heap after GC invocations=35 (full 7):
 PSYoungGen      total 351744K, used 83755K [0x00000000e0000000, 0x0000000100000000, 0x0000000100000000)
  eden space 240640K, 0% used [0x00000000e0000000,0x00000000e0000000,0x00000000eeb00000)
  from space 111104K, 75% used [0x00000000f9380000,0x00000000fe54aed8,0x0000000100000000)
  to   space 141824K, 0% used [0x00000000eeb00000,0x00000000eeb00000,0x00000000f7580000)
 ParOldGen       total 510464K, used 476782K [0x00000000a0000000, 0x00000000bf280000, 0x00000000e0000000)
  object space 510464K, 93% used [0x00000000a0000000,0x00000000bd19bb50,0x00000000bf280000)
 Metaspace       used 65928K, capacity 67926K, committed 68096K, reserved 1107968K
  class space    used 8317K, capacity 8700K, committed 8704K, reserved 1048576K
}
Event: 326.768 GC heap before
{Heap before GC invocations=36 (full 8):
 PSYoungGen      total 351744K, used 83755K [0x00000000e0000000, 0x0000000100000000, 0x0000000100000000)
  eden space 240640K, 0% used [0x00000000e0000000,0x00000000e0000000,0x00000000eeb00000)
  from space 111104K, 75% used [0x00000000f9380000,0x00000000fe54aed8,0x0000000100000000)
  to   space 141824K, 0% used [0x00000000eeb00000,0x00000000eeb00000,0x00000000f7580000)
 ParOldGen       total 510464K, used 476782K [0x00000000a0000000, 0x00000000bf280000, 0x00000000e0000000)
  object space 510464K, 93% used [0x00000000a0000000,0x00000000bd19bb50,0x00000000bf280000)
 Metaspace       used 65928K, capacity 67926K, committed 68096K, reserved 1107968K
  class space    used 8317K, capacity 8700K, committed 8704K, reserved 1048576K

Deoptimization events (10 events):
Event: 322.806 Thread 0x00007f5a7806a000 Uncommon trap: reason=unstable_if action=reinterpret pc=0x00007f5af3a1715c method=com.android.dx.ssa.SCCP.replaceBranches()V @ 14
Event: 323.241 Thread 0x00007f5a78068000 Uncommon trap: reason=unstable_if action=reinterpret pc=0x00007f5af3a395e0 method=com.android.dx.dex.code.RopTranslator.outputBlock(Lcom/android/dx/rop/code/BasicBlock;I)V @ 140
Event: 324.131 Thread 0x00007f5a78069000 Uncommon trap: reason=bimorphic action=maybe_recompile pc=0x00007f5af3a40714 method=com.android.dx.cf.code.BytecodeArray.parseInstruction(ILcom/android/dx/cf/code/BytecodeArray$Visitor;)I @ 1067
Event: 324.132 Thread 0x00007f5a78069000 Uncommon trap: reason=bimorphic action=maybe_recompile pc=0x00007f5af3a40714 method=com.android.dx.cf.code.BytecodeArray.parseInstruction(ILcom/android/dx/cf/code/BytecodeArray$Visitor;)I @ 1067
Event: 324.544 Thread 0x00007f5a7804f000 Uncommon trap: reason=unstable_if action=reinterpret pc=0x00007f5af3a9f4fc method=com.android.dx.cf.code.RopperMachine.updateReturnOp(Lcom/android/dx/rop/code/Rop;Lcom/android/dx/rop/code/SourcePosition;)V @ 106
Event: 324.845 Thread 0x00007f5a78068000 Uncommon trap: reason=unstable_if action=reinterpret pc=0x00007f5af330ee24 method=com.android.dx.cf.code.Merger.mergeType(Lcom/android/dx/rop/type/TypeBearer;Lcom/android/dx/rop/type/TypeBearer;)Lcom/android/dx/rop/type/TypeBearer; @ 133
Event: 324.876 Thread 0x00007f5aa4252800 Uncommon trap: reason=unstable_if action=reinterpret pc=0x00007f5af38d04a0 method=com.android.dx.ssa.SsaBasicBlock.scheduleMovesFromPhis()V @ 63
Event: 325.122 Thread 0x00007f5a7806a000 Uncommon trap: reason=unstable_if action=reinterpret pc=0x00007f5af3ad8ce4 method=com.android.dx.util.BitIntSet.has(I)Z @ 8
Event: 325.368 Thread 0x00007f5a7804f000 Uncommon trap: reason=unstable_if action=reinterpret pc=0x00007f5af3ae90f4 method=com.android.dx.ssa.InterferenceRegisterMapper.interferes(III)Z @ 69
Event: 325.463 Thread 0x00007f5a78069000 Uncommon trap: reason=unstable_if action=reinterpret pc=0x00007f5af3a340a0 method=com.android.dx.cf.code.Merger.isPossiblyAssignableFrom(Lcom/android/dx/rop/type/TypeBearer;Lcom/android/dx/rop/type/TypeBearer;)Z @ 131

Internal exceptions (10 events):
Event: 298.723 Thread 0x00007f5aa408a800 Exception <a 'sun/nio/fs/UnixException'> (0x00000000e59ed100) thrown at [/ssd/Android/AOSP-openjdk/external/jetbrains/jdk/hotspot/src/share/vm/prims/jni.cpp, line 709]
Event: 298.724 Thread 0x00007f5aa4025800 Exception <a 'sun/nio/fs/UnixException'> (0x00000000e5cb9da0) thrown at [/ssd/Android/AOSP-openjdk/external/jetbrains/jdk/hotspot/src/share/vm/prims/jni.cpp, line 709]
Event: 298.731 Thread 0x00007f5aa4025800 Exception <a 'sun/nio/fs/UnixException'> (0x00000000e5cba580) thrown at [/ssd/Android/AOSP-openjdk/external/jetbrains/jdk/hotspot/src/share/vm/prims/jni.cpp, line 709]
Event: 298.731 Thread 0x00007f5aa408a800 Exception <a 'sun/nio/fs/UnixException'> (0x00000000e59eda68) thrown at [/ssd/Android/AOSP-openjdk/external/jetbrains/jdk/hotspot/src/share/vm/prims/jni.cpp, line 709]
Event: 298.731 Thread 0x00007f5aa408b800 Exception <a 'sun/nio/fs/UnixException'> (0x00000000e5adc7b0) thrown at [/ssd/Android/AOSP-openjdk/external/jetbrains/jdk/hotspot/src/share/vm/prims/jni.cpp, line 709]
Event: 298.731 Thread 0x00007f5aa408c800 Exception <a 'sun/nio/fs/UnixException'> (0x00000000e5bcc248) thrown at [/ssd/Android/AOSP-openjdk/external/jetbrains/jdk/hotspot/src/share/vm/prims/jni.cpp, line 709]
Event: 306.186 Thread 0x00007f5aac00f800 Implicit null exception at 0x00007f5af32c42cf to 0x00007f5af32c4aa5
Event: 310.697 Thread 0x00007f5a7806a000 Implicit null exception at 0x00007f5af32f4828 to 0x00007f5af32f55c5
Event: 310.811 Thread 0x00007f5a7806a000 Implicit null exception at 0x00007f5af32fc261 to 0x00007f5af32fcdc1
Event: 310.890 Thread 0x00007f5a7804f000 Implicit null exception at 0x00007f5af32ada7b to 0x00007f5af32adc05

Events (10 events):
Event: 326.487 Thread 0x00007f5aa4252800 DEOPT UNPACKING pc=0x00007f5af1047373 sp=0x00007f5ab4aef430 mode 0
Event: 326.497 Thread 0x00007f5a7806a000 DEOPT PACKING pc=0x00007f5af32695b2 sp=0x00007f5a739d3f40
Event: 326.497 Thread 0x00007f5a7806a000 DEOPT UNPACKING pc=0x00007f5af1047373 sp=0x00007f5a739d3d40 mode 0
Event: 326.505 Thread 0x00007f5a78068000 DEOPT PACKING pc=0x00007f5af34e9eeb sp=0x00007f5a73bfe0b0
Event: 326.505 Thread 0x00007f5a78068000 DEOPT UNPACKING pc=0x00007f5af1047373 sp=0x00007f5a73bfddf0 mode 0
Event: 326.506 Thread 0x00007f5a78068000 DEOPT PACKING pc=0x00007f5af32695b2 sp=0x00007f5a73bfe040
Event: 326.506 Thread 0x00007f5a78068000 DEOPT UNPACKING pc=0x00007f5af1047373 sp=0x00007f5a73bfde40 mode 0
Event: 326.511 Thread 0x00007f5a78069000 DEOPT PACKING pc=0x00007f5af350c3ac sp=0x00007f5ab4bf11e0
Event: 326.511 Thread 0x00007f5a78069000 DEOPT UNPACKING pc=0x00007f5af1047373 sp=0x00007f5ab4bf0ee0 mode 0
Event: 326.512 Executing VM operation: ParallelGCFailedAllocation


Dynamic libraries:
00400000-00401000 r-xp 00000000 08:05 273334                             /home/spongebob/android-studio/jre/bin/java
00600000-00601000 r--p 00000000 08:05 273334                             /home/spongebob/android-studio/jre/bin/java
00601000-00602000 rw-p 00001000 08:05 273334                             /home/spongebob/android-studio/jre/bin/java
01fbb000-01fdc000 rw-p 00000000 00:00 0                                  [heap]
a0000000-bf280000 rw-p 00000000 00:00 0 
cac00000-e0000000 ---p 00000000 00:00 0 
e0000000-100000000 rw-p 00000000 00:00 0 
100000000-100880000 rw-p 00000000 00:00 0 
100880000-140000000 ---p 00000000 00:00 0 
7f5a6c000000-7f5a6c021000 rw-p 00000000 00:00 0 
7f5a6c021000-7f5a70000000 ---p 00000000 00:00 0 
7f5a736d5000-7f5a738d5000 rw-p 00000000 00:00 0 
7f5a738d5000-7f5a738d8000 ---p 00000000 00:00 0 
7f5a738d8000-7f5a739d6000 rw-p 00000000 00:00 0 
7f5a739d6000-7f5a73aff000 r--s 00b3a000 08:05 637515                     /home/spongebob/AndroidStudioProjects/Campus/app/build/intermediates/transforms/jarMerging/debug/jars/1/1f/combined.jar
7f5a73aff000-7f5a73b02000 ---p 00000000 00:00 0 
7f5a73b02000-7f5a73e00000 rw-p 00000000 00:00 0 
7f5a73e00000-7f5a74000000 rw-p 00000000 00:00 0 
7f5a74000000-7f5a74021000 rw-p 00000000 00:00 0 
7f5a74021000-7f5a78000000 ---p 00000000 00:00 0 
7f5a78000000-7f5a781f9000 rw-p 00000000 00:00 0 
7f5a781f9000-7f5a7c000000 ---p 00000000 00:00 0 
7f5a7c000000-7f5a7c021000 rw-p 00000000 00:00 0 
7f5a7c021000-7f5a80000000 ---p 00000000 00:00 0 
7f5a80000000-7f5a80021000 rw-p 00000000 00:00 0 
7f5a80021000-7f5a84000000 ---p 00000000 00:00 0 
7f5a84000000-7f5a84021000 rw-p 00000000 00:00 0 
7f5a84021000-7f5a88000000 ---p 00000000 00:00 0 
7f5a88000000-7f5a88070000 rw-p 00000000 00:00 0 
7f5a88070000-7f5a8c000000 ---p 00000000 00:00 0 
7f5a8c000000-7f5a8c063000 rw-p 00000000 00:00 0 
7f5a8c063000-7f5a90000000 ---p 00000000 00:00 0 
7f5a90000000-7f5a90021000 rw-p 00000000 00:00 0 
7f5a90021000-7f5a94000000 ---p 00000000 00:00 0 
7f5a94000000-7f5a94062000 rw-p 00000000 00:00 0 
7f5a94062000-7f5a98000000 ---p 00000000 00:00 0 
7f5a98000000-7f5a98064000 rw-p 00000000 00:00 0 
7f5a98064000-7f5a9c000000 ---p 00000000 00:00 0 
7f5a9c000000-7f5a9c05e000 rw-p 00000000 00:00 0 
7f5a9c05e000-7f5aa0000000 ---p 00000000 00:00 0 
7f5aa0000000-7f5aa1687000 rw-p 00000000 00:00 0 
7f5aa1687000-7f5aa4000000 ---p 00000000 00:00 0 
7f5aa4000000-7f5aa43f6000 rw-p 00000000 00:00 0 
7f5aa43f6000-7f5aa8000000 ---p 00000000 00:00 0 
7f5aa8000000-7f5aa8021000 rw-p 00000000 00:00 0 
7f5aa8021000-7f5aac000000 ---p 00000000 00:00 0 
7f5aac000000-7f5aac021000 rw-p 00000000 00:00 0 
7f5aac021000-7f5ab0000000 ---p 00000000 00:00 0 
7f5ab0000000-7f5ab0073000 rw-p 00000000 00:00 0 
7f5ab0073000-7f5ab4000000 ---p 00000000 00:00 0 
7f5ab40ee000-7f5ab42ee000 rw-p 00000000 00:00 0 
7f5ab42ee000-7f5ab44ee000 rw-p 00000000 00:00 0 
7f5ab44ee000-7f5ab46ee000 rw-p 00000000 00:00 0 
7f5ab46ee000-7f5ab46f1000 ---p 00000000 00:00 0 
7f5ab46f1000-7f5ab47ef000 rw-p 00000000 00:00 0 
7f5ab47ef000-7f5ab47f2000 ---p 00000000 00:00 0 
7f5ab47f2000-7f5ab48f0000 rw-p 00000000 00:00 0 
7f5ab48f0000-7f5ab48f3000 ---p 00000000 00:00 0 
7f5ab48f3000-7f5ab49f1000 rw-p 00000000 00:00 0 
7f5ab49f1000-7f5ab49f4000 ---p 00000000 00:00 0 
7f5ab49f4000-7f5ab4af2000 rw-p 00000000 00:00 0 
7f5ab4af2000-7f5ab4af5000 ---p 00000000 00:00 0 
7f5ab4af5000-7f5ab4bf3000 rw-p 00000000 00:00 0 
7f5ab4bf3000-7f5ab4bf6000 ---p 00000000 00:00 0 
7f5ab4bf6000-7f5ab4cf4000 rw-p 00000000 00:00 0 
7f5ab4cf4000-7f5ab4cf7000 ---p 00000000 00:00 0 
7f5ab4cf7000-7f5ab4df5000 rw-p 00000000 00:00 0 
7f5ab4df5000-7f5ab4df8000 ---p 00000000 00:00 0 
7f5ab4df8000-7f5ab50f6000 rw-p 00000000 00:00 0 
7f5ab50f6000-7f5ab52f6000 rw-p 00000000 00:00 0 
7f5ab52f6000-7f5ab52f9000 ---p 00000000 00:00 0 
7f5ab52f9000-7f5ab55f7000 rw-p 00000000 00:00 0 
7f5ab55f7000-7f5ab57f7000 rw-p 00000000 00:00 0 
7f5ab57f7000-7f5ab59f7000 rw-p 00000000 00:00 0 
7f5ab59f7000-7f5ab5a0a000 r--s 00344000 08:05 273355                     /home/spongebob/android-studio/jre/jre/lib/resources.jar
7f5ab5a0a000-7f5ab5c0a000 rw-p 00000000 00:00 0 
7f5ab5c0a000-7f5ab5e0a000 rw-p 00000000 00:00 0 
7f5ab5e0a000-7f5ab600a000 rw-p 00000000 00:00 0 
7f5ab600a000-7f5ab620a000 rw-p 00000000 00:00 0 
7f5ab620a000-7f5ab620d000 ---p 00000000 00:00 0 
7f5ab620d000-7f5ab650b000 rw-p 00000000 00:00 0 
7f5ab650b000-7f5ab650c000 r--s 00001000 08:05 548665                     /home/spongebob/.gradle/caches/modules-2/files-2.1/com.android.tools/annotations/25.3.0/e9ba6ed99c3ba7211201158dd9212a484a1865dc/annotations-25.3.0.jar
7f5ab650c000-7f5ab6514000 r--s 000a8000 08:05 381218                     /home/spongebob/.gradle/caches/jars-2/lp0h431tl0554nh1vx6zomcvteflkp/lombok-ast-0.2.3.jar
7f5ab6514000-7f5ab6528000 r--s 000b4000 08:05 548562                     /home/spongebob/.gradle/caches/modules-2/files-2.1/com.android.tools.external.com-intellij/uast/162.2228.14/3d67ea648c9594d981896c40478744fdd515e713/uast-162.2228.14.jar
7f5ab6528000-7f5ab652a000 r--s 0000d000 08:05 381217                     /home/spongebob/.gradle/caches/jars-2/7pwz1bowgakb1eux9ezb56jlturgsyi/commons-codec-1.4.jar
7f5ab652a000-7f5ab652c000 r--s 0000d000 08:05 381216                     /home/spongebob/.gradle/caches/jars-2/9dj1m0eyooi5qt13735vz8fpkl3cnfy/commons-logging-1.1.1.jar
7f5ab652c000-7f5ab6531000 r--s 00028000 08:05 381215                     /home/spongebob/.gradle/caches/jars-2/62lv0fe9b3xbqe57f6ljy5upwi7mf6k/httpcore-4.1.jar
7f5ab6531000-7f5ab6535000 r--s 0002f000 08:05 381214                     /home/spongebob/.gradle/caches/jars-2/gsg5n52frsvw6sx0swqqe2hwijwdcf0/jimfs-1.1.jar
7f5ab6535000-7f5ab6536000 r--s 00004000 08:05 381213                     /home/spongebob/.gradle/caches/jars-2/lxs252id0979odjrerlctkb26c2vj95/annotations-12.0.jar
7f5ab6536000-7f5ab6537000 r--s 00004000 08:05 381212                     /home/spongebob/.gradle/caches/jars-2/9kn99dr0rulyl67sct1ephwcop56l61/asm-analysis-5.0.4.jar
7f5ab6537000-7f5ab653b000 r--s 00040000 08:05 548560                     /home/spongebob/.gradle/caches/modules-2/files-2.1/com.android.tools.lint/lint-api/25.3.0/9d16b99f4730046dde1ebec53dc243e9b7c93186/lint-api-25.3.0.jar
7f5ab653b000-7f5ab653c000 r--s 0000a000 08:05 381211                     /home/spongebob/.gradle/caches/jars-2/nwyg9io65lv6jvmwit2wq82xnnxd7ia/kxml2-2.3.0.jar
7f5ab653c000-7f5ab653e000 r--s 00005000 08:05 381210                     /home/spongebob/.gradle/caches/jars-2/i6hc1uuj8e9ck59slmzdyz78ydn8sr6/httpmime-4.1.jar
7f5ab653e000-7f5ab6546000 r--s 0004e000 08:05 381209                     /home/spongebob/.gradle/caches/jars-2/7503wa5irssz0xxahv1xb82p2dl7rr2/httpclient-4.1.1.jar
7f5ab6546000-7f5ab654d000 r--s 00053000 08:05 381208                     /home/spongebob/.gradle/caches/jars-2/jgkfvs4eqggj7qsyw1f5d3up57hanj1/commons-compress-1.8.1.jar
7f5ab654d000-7f5ab6552000 r--s 0002a000 08:05 381207                     /home/spongebob/.gradle/caches/jars-2/je8f027qcr1z1egw08byp1ybxbp9kko/gson-2.2.4.jar
7f5ab6552000-7f5ab6557000 r--s 0002e000 08:05 548558                     /home/spongebob/.gradle/caches/modules-2/files-2.1/com.android.tools/repository/25.3.0/35f32fb93d358d0f5a3ca94b194fa28cf84f43bb/repository-25.3.0.jar
7f5ab6557000-7f5ab6558000 r--s 00005000 08:05 548538                     /home/spongebob/.gradle/caches/modules-2/files-2.1/com.android.tools/dvlib/25.3.0/f2d61acf939223b7ca931643f7535e760dce735/dvlib-25.3.0.jar
7f5ab6558000-7f5ab655b000 r--s 00012000 08:05 548531                     /home/spongebob/.gradle/caches/modules-2/files-2.1/com.android.tools.layoutlib/layoutlib-api/25.3.0/d8ae626db65e219df047561b5e29814d3a581fa5/layoutlib-api-25.3.0.jar
7f5ab655b000-7f5ab655f000 r--s 00037000 08:05 381206                     /home/spongebob/.gradle/caches/jars-2/16imn6u4nj5tggtw08brg8ln6w1enac/ST4-4.0.8.jar
7f5ab655f000-7f5ab6562000 r--s 00026000 08:05 381205                     /home/spongebob/.gradle/caches/jars-2/o0n4nddbiyske4o63eedy6axiv9r8xp/antlr-runtime-3.5.2.jar
7f5ab6562000-7f5ab6567000 r--s 00058000 08:05 381204                     /home/spongebob/.gradle/caches/jars-2/st159835qgxm0l87oqrnhayxos4lc1n/asm-debug-all-5.0.1.jar
7f5ab6567000-7f5ab6577000 r--s 000d5000 08:05 548529                     /home/spongebob/.gradle/caches/modules-2/files-2.1/net.sf.proguard/proguard-base/5.3.2/e7011042563a48b2dd3e9ebcfcf9a3d18dfb476f/proguard-base-5.3.2.jar
7f5ab6577000-7f5ab657a000 r--s 00033000 08:05 381203                     /home/spongebob/.gradle/caches/jars-2/nz9sndmr8b4xbj4xulkaciy5kdbyfiz/juniversalchardet-1.0.3.jar
7f5ab657a000-7f5ab657e000 r--s 0002a000 08:05 381202                     /home/spongebob/.gradle/caches/jars-2/krbpn9xjn1qymukyx8cc5l799ty1v3h/commons-io-2.4.jar
7f5ab657e000-7f5ab6595000 r--s 00154000 08:05 381201                     /home/spongebob/.gradle/caches/jars-2/sfeivjswzitn6n0fnjx3ueszz8gv8o1/antlr4-4.5.3.jar
7f5ab6595000-7f5ab6597000 r--s 00002000 08:05 548527                     /home/spongebob/.gradle/caches/modules-2/files-2.1/com.android.databinding/baseLibrary/2.3.0/d63c4d23204cadf1390fd1bbca8c1b05396aed/baseLibrary-2.3.0.jar
7f5ab6597000-7f5ab65c2000 r--s 001fc000 08:05 381200                     /home/spongebob/.gradle/caches/jars-2/nxjrjftly2xksl8o0wqgivu5netfu2x/guava-18.0.jar
7f5ab65c2000-7f5ab65d5000 r--s 00241000 08:05 548484                     /home/spongebob/.gradle/caches/modules-2/files-2.1/org.eclipse.jdt.core.compiler/ecj/4.6.1/5555607add54eb79c5a0729134e663fe2e6300c2/ecj-4.6.1.jar
7f5ab65d5000-7f5ab65dc000 r--s 000d9000 08:05 548480                     /home/spongebob/.gradle/caches/modules-2/files-2.1/com.android.tools.lint/lint-checks/25.3.0/3fac5ec44051fac3b10282f0eeddf984446e8531/lint-checks-25.3.0.jar
7f5ab65dc000-7f5ab65de000 r--s 00006000 08:05 381199                     /home/spongebob/.gradle/caches/jars-2/6phgj9ki3jl3p5epzkqoo8pr6kur40b/asm-tree-5.0.4.jar
7f5ab65de000-7f5ab6611000 r--s 00203000 08:05 381198                     /home/spongebob/.gradle/caches/jars-2/hj0bfvxu9cq7hkwmecvp0kg137or3hh/bcprov-jdk15on-1.48.jar
7f5ab6611000-7f5ab661f000 r--s 00081000 08:05 381197                     /home/spongebob/.gradle/caches/jars-2/4r7xli0tz94y0wfjrdyjxlxar3g1pb9/bcpkix-jdk15on-1.48.jar
7f5ab661f000-7f5ab6621000 r--s 00002000 08:05 381196                     /home/spongebob/.gradle/caches/jars-2/f32bh5uivuf69ecz2j8hl96ksnqdh7v/javawriter-2.5.0.jar
7f5ab6621000-7f5ab6623000 r--s 00004000 08:05 548479                     /home/spongebob/.gradle/caches/modules-2/files-2.1/com.android.tools.analytics-library/tracker/25.3.0/6ef430f671dfe203ec37baa6daf7f88e2560a8c/tracker-25.3.0.jar
7f5ab6623000-7f5ab6624000 r--s 00005000 08:05 548473                     /home/spongebob/.gradle/caches/modules-2/files-2.1/com.android.tools.analytics-library/shared/25.3.0/726c56ae04e9b35229313796206e4e0d80808acb/shared-25.3.0.jar
7f5ab6624000-7f5ab6632000 r--s 00147000 08:05 548469                     /home/spongebob/.gradle/caches/modules-2/files-2.1/com.android.tools.analytics-library/protos/25.3.0/47156742dcd45d67ce4e25afe521bab203a72e05/protos-25.3.0.jar
7f5ab6632000-7f5ab6634000 r--s 00003000 08:05 548467                     /home/spongebob/.gradle/caches/modules-2/files-2.1/com.android.tools.jack/jack-api/0.13.0/818c9a942281e89dabab2fe97adbd8bdb9d275e2/jack-api-0.13.0.jar
7f5ab6634000-7f5ab663a000 r--s 0004a000 08:05 548465                     /home/spongebob/.gradle/caches/modules-2/files-2.1/com.android.tools.ddms/ddmlib/25.3.0/8768d9b5888157737306935d477092e12bc6e57a/ddmlib-25.3.0.jar
7f5ab663a000-7f5ab663d000 r--s 00022000 08:05 548463                     /home/spongebob/.gradle/caches/modules-2/files-2.1/com.android.tools.build/manifest-merger/25.3.0/e22d0c13ad61a66f240c2eb73fc4eeccddf7f965/manifest-merger-25.3.0.jar
7f5ab663d000-7f5ab6646000 r--s 00089000 08:05 548453                     /home/spongebob/.gradle/caches/modules-2/files-2.1/com.android.tools/sdk-common/25.3.0/2f89c5fc267610f6670d3544d8b8294d349d3b25/sdk-common-25.3.0.jar
7f5ab6646000-7f5ab6650000 r--s 00097000 08:05 548451                     /home/spongebob/.gradle/caches/modules-2/files-2.1/com.android.tools/sdklib/25.3.0/892c90a84496918959c60944e0db0ca3edea18aa/sdklib-25.3.0.jar
7f5ab6650000-7f5ab6850000 rw-p 00000000 00:00 0 
7f5ab6850000-7f5ab6a50000 rw-p 00000000 00:00 0 
7f5ab6a50000-7f5ab6a53000 ---p 00000000 00:00 0 
7f5ab6a53000-7f5ab6d51000 rw-p 00000000 00:00 0 
7f5ab6d51000-7f5ab6f51000 rw-p 00000000 00:00 0 
7f5ab6f51000-7f5ab7151000 rw-p 00000000 00:00 0 
7f5ab7151000-7f5ab7152000 r--s 00001000 08:05 381195                     /home/spongebob/.gradle/caches/jars-2/35vv4vne7tsn6kwofsy67umpjqws861/jill-api-0.10.0.jar
7f5ab7152000-7f5ab7155000 r--s 0001c000 08:05 548461                     /home/spongebob/.gradle/caches/modules-2/files-2.1/com.android.tools/common/25.3.0/d62644327819b89cbe4ce352b4abfabbe5defdb5/common-25.3.0.jar
7f5ab7155000-7f5ab7156000 r--s 00002000 08:05 548449                     /home/spongebob/.gradle/caches/modules-2/files-2.1/com.android.tools.build/builder-test-api/2.3.0/ce75b478f24636008861bead0032051c863734f8/builder-test-api-2.3.0.jar
7f5ab7156000-7f5ab7159000 r--s 00006000 08:05 548441                     /home/spongebob/.gradle/caches/modules-2/files-2.1/com.android.tools.build/builder-model/2.3.0/6f5d768d9039e2a23403d6c27fb8d8dbae302aa8/builder-model-2.3.0.jar
7f5ab7159000-7f5ab7163000 r--s 00110000 08:05 381194                     /home/spongebob/.gradle/caches/jars-2/myya4nl9802jr3d1kog1duo67r5o02s/antlr-3.5.2.jar
7f5ab7163000-7f5ab7172000 r--s 00130000 08:05 548440                     /home/spongebob/.gradle/caches/modules-2/files-2.1/com.google.protobuf/protobuf-java/3.0.0/6d325aa7c921661d84577c0a93d82da4df9fa4c8/protobuf-java-3.0.0.jar
7f5ab7172000-7f5ab7174000 r--s 0000f000 08:05 381193                     /home/spongebob/.gradle/caches/jars-2/rvfyugrlu5tbpz51p98og0qsxamjq4k/jopt-simple-4.9.jar
7f5ab7174000-7f5ab7178000 r--s 0001f000 08:05 381192                     /home/spongebob/.gradle/caches/jars-2/nq3fzqkrrm37ob61z4iu5qdbh368uat/org.jacoco.report-0.7.5.201505241946.jar
7f5ab7178000-7f5ab717c000 r--s 0001d000 08:05 381191                     /home/spongebob/.gradle/caches/jars-2/3kxkmcckmk40ron92zhbm0qjo9l4bkl/org.jacoco.core-0.7.5.201505241946.jar
7f5ab717c000-7f5ab717e000 r--s 00002000 08:05 548439                     /home/spongebob/.gradle/caches/modules-2/files-2.1/net.sf.proguard/proguard-gradle/5.3.2/bd6f515c9403fe7995948d76cccf881c83dc4610/proguard-gradle-5.3.2.jar
7f5ab717e000-7f5ab7180000 r--s 00009000 08:05 381190                     /home/spongebob/.gradle/caches/jars-2/ajvcvdu66lc9e3tvvipxtuq48i9bbkc/asm-commons-5.0.4.jar
7f5ab7180000-7f5ab7182000 r--s 0000c000 08:05 381189                     /home/spongebob/.gradle/caches/jars-2/1laz1ygmxoc408r7nwqs1q8uk8r236d/asm-5.0.4.jar
7f5ab7182000-7f5ab7187000 r--s 0002c000 08:05 548438                     /home/spongebob/.gradle/caches/modules-2/files-2.1/com.android.databinding/compilerCommon/2.3.0/3540361b16d458f7ba0a21366acc4e3672ba5585/compilerCommon-2.3.0.jar
7f5ab7187000-7f5ab7188000 r--s 00002000 08:05 548432                     /home/spongebob/.gradle/caches/modules-2/files-2.1/com.android.tools.build/gradle-api/2.3.0/47c2b3b88f06da6763e3ec1836c7ed387bbe1314/gradle-api-2.3.0.jar
7f5ab7188000-7f5ab718d000 r--s 0005e000 08:05 548428                     /home/spongebob/.gradle/caches/modules-2/files-2.1/com.android.tools.lint/lint/25.3.0/4ab304c0b17420f297abe7ad16e73bffa06e2dad/lint-25.3.0.jar
7f5ab718d000-7f5ab71a3000 r--s 00163000 08:05 548417                     /home/spongebob/.gradle/caches/modules-2/files-2.1/com.android.tools.build/builder/2.3.0/e2f05a09930ca699f9ca64b21564f252eca24fc9/builder-2.3.0.jar
7f5ab71a3000-7f5ab71c1000 r--s 001cb000 08:05 548415                     /home/spongebob/.gradle/caches/modules-2/files-2.1/com.android.tools.build/gradle-core/2.3.0/895cde36ab5bc7cfcb8e68b520c73e9c05e96841/gradle-core-2.3.0.jar
7f5ab71c1000-7f5ab71c4000 ---p 00000000 00:00 0 
7f5ab71c4000-7f5ab73fa000 rw-p 00000000 00:00 0 
7f5ab73fa000-7f5ab75fa000 rw-p 00000000 00:00 0 
7f5ab75fa000-7f5ab77fa000 rw-p 00000000 00:00 0 
7f5ab77fa000-7f5ab77fd000 ---p 00000000 00:00 0 
7f5ab77fd000-7f5ab78fb000 rw-p 00000000 00:00 0 
7f5ab78fb000-7f5ab78fe000 ---p 00000000 00:00 0 
7f5ab78fe000-7f5ab79fc000 rw-p 00000000 00:00 0 
7f5ab79fc000-7f5ab79ff000 ---p 00000000 00:00 0 
7f5ab79ff000-7f5ab7afd000 rw-p 00000000 00:00 0 
7f5ab7afd000-7f5ab7b00000 ---p 00000000 00:00 0 
7f5ab7b00000-7f5ab7bfe000 rw-p 00000000 00:00 0 
7f5ab7bfe000-7f5ab7c01000 ---p 00000000 00:00 0 
7f5ab7c01000-7f5ab7cff000 rw-p 00000000 00:00 0 
7f5ab7cff000-7f5ab7d02000 ---p 00000000 00:00 0 
7f5ab7d02000-7f5ab8000000 rw-p 00000000 00:00 0 
7f5ab8000000-7f5ab8021000 rw-p 00000000 00:00 0 
7f5ab8021000-7f5abc000000 ---p 00000000 00:00 0 
7f5abc000000-7f5abc021000 rw-p 00000000 00:00 0 
7f5abc021000-7f5ac0000000 ---p 00000000 00:00 0 
7f5ac0000000-7f5ac234a000 rw-p 00000000 00:00 0 
7f5ac234a000-7f5ac4000000 ---p 00000000 00:00 0 
7f5ac4000000-7f5ac4f26000 rw-p 00000000 00:00 0 
7f5ac4f26000-7f5ac8000000 ---p 00000000 00:00 0 
7f5ac8000000-7f5ac8021000 rw-p 00000000 00:00 0 
7f5ac8021000-7f5acc000000 ---p 00000000 00:00 0 
7f5acc000000-7f5ace16f000 rw-p 00000000 00:00 0 
7f5ace16f000-7f5ad0000000 ---p 00000000 00:00 0 
7f5ad0000000-7f5ad0021000 rw-p 00000000 00:00 0 
7f5ad0021000-7f5ad4000000 ---p 00000000 00:00 0 
7f5ad4000000-7f5ad4021000 rw-p 00000000 00:00 0 
7f5ad4021000-7f5ad8000000 ---p 00000000 00:00 0 
7f5ad8000000-7f5ad83e7000 rw-p 00000000 00:00 0 
7f5ad83e7000-7f5adc000000 ---p 00000000 00:00 0 
7f5adc000000-7f5adc001000 r--s 00000000 08:05 381164                     /home/spongebob/.gradle/caches/jars-2/32k92rp2zzqyhcyc8b4amfzqwfqino2/transform-api-2.0.0-deprecated-use-gradle-api.jar
7f5adc001000-7f5adc003000 r--s 0000d000 08:05 548401                     /home/spongebob/.gradle/caches/modules-2/files-2.1/com.android.tools.build/gradle/2.3.0/f46008799137ca08edd65089fb544e1d7ceff3e7/gradle-2.3.0.jar
7f5adc003000-7f5adc004000 r--p 00000000 00:00 0 
7f5adc004000-7f5adc07c000 r--s 010eb000 08:05 273302                     /home/spongebob/android-studio/jre/lib/tools.jar
7f5adc07c000-7f5adc07f000 ---p 00000000 00:00 0 
7f5adc07f000-7f5adc17d000 rw-p 00000000 00:00 0 
7f5adc17d000-7f5adc184000 r--s 00000000 08:05 434189                     /usr/lib/x86_64-linux-gnu/gconv/gconv-modules.cache
7f5adc184000-7f5adc187000 ---p 00000000 00:00 0 
7f5adc187000-7f5adc285000 rw-p 00000000 00:00 0 
7f5adc285000-7f5adc28e000 r-xp 00000000 08:05 273426                     /home/spongebob/android-studio/jre/jre/lib/amd64/libmanagement.so
7f5adc28e000-7f5adc48d000 ---p 00009000 08:05 273426                     /home/spongebob/android-studio/jre/jre/lib/amd64/libmanagement.so
7f5adc48d000-7f5adc48e000 r--p 00008000 08:05 273426                     /home/spongebob/android-studio/jre/jre/lib/amd64/libmanagement.so
7f5adc48e000-7f5adc48f000 rw-p 00009000 08:05 273426                     /home/spongebob/android-studio/jre/jre/lib/amd64/libmanagement.so
7f5adc48f000-7f5adc493000 r--s 00097000 08:05 273401                     /home/spongebob/android-studio/jre/jre/lib/jsse.jar
7f5adc493000-7f5adc495000 r--s 00007000 08:05 360314                     /home/spongebob/.gradle/wrapper/dists/gradle-3.3-all/55gk2rcmfc6p2dg9u9ohc3hw9/gradle-3.3/lib/plugins/gradle-tooling-api-builders-3.3.jar
7f5adc495000-7f5adc498000 r--s 00009000 08:05 360132                     /home/spongebob/.gradle/wrapper/dists/gradle-3.3-all/55gk2rcmfc6p2dg9u9ohc3hw9/gradle-3.3/lib/plugins/gradle-testing-native-3.3.jar
7f5adc498000-7f5adc49e000 r--s 00033000 08:05 361559                     /home/spongebob/.gradle/wrapper/dists/gradle-3.3-all/55gk2rcmfc6p2dg9u9ohc3hw9/gradle-3.3/lib/plugins/snakeyaml-1.6.jar
7f5adc49e000-7f5adc4a0000 r--s 00006000 08:05 361549                     /home/spongebob/.gradle/wrapper/dists/gradle-3.3-all/55gk2rcmfc6p2dg9u9ohc3hw9/gradle-3.3/lib/plugins/jcommander-1.12.jar
7f5adc4a0000-7f5adc4a5000 r--s 00040000 08:05 361548                     /home/spongebob/.gradle/wrapper/dists/gradle-3.3-all/55gk2rcmfc6p2dg9u9ohc3hw9/gradle-3.3/lib/plugins/bsh-2.0b4.jar
7f5adc4a5000-7f5adc4a7000 r--s 00009000 08:05 361614                     /home/spongebob/.gradle/wrapper/dists/gradle-3.3-all/55gk2rcmfc6p2dg9u9ohc3hw9/gradle-3.3/lib/plugins/hamcrest-core-1.3.jar
7f5adc4a7000-7f5adc4b0000 r--s 00089000 08:05 360447                     /home/spongebob/.gradle/wrapper/dists/gradle-3.3-all/55gk2rcmfc6p2dg9u9ohc3hw9/gradle-3.3/lib/plugins/testng-6.3.1.jar
7f5adc4b0000-7f5adc4b8000 r--s 00045000 08:05 360423                     /home/spongebob/.gradle/wrapper/dists/gradle-3.3-all/55gk2rcmfc6p2dg9u9ohc3hw9/gradle-3.3/lib/plugins/junit-4.12.jar
7f5adc4b8000-7f5adc4be000 r--s 0002e000 08:05 360133                     /home/spongebob/.gradle/wrapper/dists/gradle-3.3-all/55gk2rcmfc6p2dg9u9ohc3hw9/gradle-3.3/lib/plugins/gradle-testing-jvm-3.3.jar
7f5adc4be000-7f5adc4c2000 r--s 00016000 08:05 360128                     /home/spongebob/.gradle/wrapper/dists/gradle-3.3-all/55gk2rcmfc6p2dg9u9ohc3hw9/gradle-3.3/lib/plugins/gradle-testing-base-3.3.jar
7f5adc4c2000-7f5adc4c9000 r--s 00038000 08:05 360415                     /home/spongebob/.gradle/wrapper/dists/gradle-3.3-all/55gk2rcmfc6p2dg9u9ohc3hw9/gradle-3.3/lib/plugins/bcpg-jdk15on-1.51.jar
7f5adc4c9000-7f5adc4cb000 r--s 0000c000 08:05 359606                     /home/spongebob/.gradle/wrapper/dists/gradle-3.3-all/55gk2rcmfc6p2dg9u9ohc3hw9/gradle-3.3/lib/plugins/gradle-signing-3.3.jar
7f5adc4cb000-7f5adc4cd000 r--s 00007000 08:05 359604                     /home/spongebob/.gradle/wrapper/dists/gradle-3.3-all/55gk2rcmfc6p2dg9u9ohc3hw9/gradle-3.3/lib/plugins/gradle-scala-3.3.jar
7f5adc4cd000-7f5adc4ce000 r--s 00004000 08:05 360312                     /home/spongebob/.gradle/wrapper/dists/gradle-3.3-all/55gk2rcmfc6p2dg9u9ohc3hw9/gradle-3.3/lib/plugins/gradle-resources-sftp-3.3.jar
7f5adc4ce000-7f5adc4de000 r--s 00088000 08:05 361235                     /home/spongebob/.gradle/wrapper/dists/gradle-3.3-all/55gk2rcmfc6p2dg9u9ohc3hw9/gradle-3.3/lib/plugins/joda-time-2.8.2.jar
7f5adc4de000-7f5adc4ef000 r--s 0010d000 08:05 361231                     /home/spongebob/.gradle/wrapper/dists/gradle-3.3-all/55gk2rcmfc6p2dg9u9ohc3hw9/gradle-3.3/lib/plugins/jackson-databind-2.6.6.jar
7f5adc4ef000-7f5adc4f2000 r--s 00009000 08:05 361230                     /home/spongebob/.gradle/wrapper/dists/gradle-3.3-all/55gk2rcmfc6p2dg9u9ohc3hw9/gradle-3.3/lib/plugins/jackson-annotations-2.6.6.jar
7f5adc4f2000-7f5adc4f6000 r--s 0003c000 08:05 361229                     /home/spongebob/.gradle/wrapper/dists/gradle-3.3-all/55gk2rcmfc6p2dg9u9ohc3hw9/gradle-3.3/lib/plugins/jackson-core-2.6.6.jar
7f5adc4f6000-7f5adc504000 r--s 00087000 08:05 361228                     /home/spongebob/.gradle/wrapper/dists/gradle-3.3-all/55gk2rcmfc6p2dg9u9ohc3hw9/gradle-3.3/lib/plugins/aws-java-sdk-core-1.11.6.jar
7f5adc504000-7f5adc50b000 r--s 00057000 08:05 361227                     /home/spongebob/.gradle/wrapper/dists/gradle-3.3-all/55gk2rcmfc6p2dg9u9ohc3hw9/gradle-3.3/lib/plugins/aws-java-sdk-kms-1.11.6.jar
7f5adc50b000-7f5adc518000 r--s 0008e000 08:05 361212                     /home/spongebob/.gradle/wrapper/dists/gradle-3.3-all/55gk2rcmfc6p2dg9u9ohc3hw9/gradle-3.3/lib/plugins/aws-java-sdk-s3-1.11.6.jar
7f5adc518000-7f5adc51a000 r--s 00004000 08:05 360313                     /home/spongebob/.gradle/wrapper/dists/gradle-3.3-all/55gk2rcmfc6p2dg9u9ohc3hw9/gradle-3.3/lib/plugins/gradle-resources-s3-3.3.jar
7f5adc51a000-7f5adc51c000 r--s 00005000 08:05 360422                     /home/spongebob/.gradle/wrapper/dists/gradle-3.3-all/55gk2rcmfc6p2dg9u9ohc3hw9/gradle-3.3/lib/plugins/jatl-0.2.2.jar
7f5adc51c000-7f5adc51e000 r--s 0000f000 08:05 359910                     /home/spongebob/.gradle/wrapper/dists/gradle-3.3-all/55gk2rcmfc6p2dg9u9ohc3hw9/gradle-3.3/lib/plugins/gradle-reporting-3.3.jar
7f5adc51e000-7f5adc520000 r--s 00002000 08:05 359911                     /home/spongebob/.gradle/wrapper/dists/gradle-3.3-all/55gk2rcmfc6p2dg9u9ohc3hw9/gradle-3.3/lib/plugins/gradle-publish-3.3.jar
7f5adc520000-7f5adc522000 r--s 00009000 08:05 360333                     /home/spongebob/.gradle/wrapper/dists/gradle-3.3-all/55gk2rcmfc6p2dg9u9ohc3hw9/gradle-3.3/lib/plugins/commons-cli-1.2.jar
7f5adc522000-7f5adc528000 r--s 00031000 08:05 359589                     /home/spongebob/.gradle/wrapper/dists/gradle-3.3-all/55gk2rcmfc6p2dg9u9ohc3hw9/gradle-3.3/lib/plugins/gradle-plugins-3.3.jar
7f5adc528000-7f5adc52a000 r--s 00009000 08:05 360240                     /home/spongebob/.gradle/wrapper/dists/gradle-3.3-all/55gk2rcmfc6p2dg9u9ohc3hw9/gradle-3.3/lib/plugins/gradle-plugin-development-3.3.jar
7f5adc52a000-7f5adc530000 r--s 0002b000 08:05 359971                     /home/spongebob/.gradle/wrapper/dists/gradle-3.3-all/55gk2rcmfc6p2dg9u9ohc3hw9/gradle-3.3/lib/plugins/gradle-platform-play-3.3.jar
7f5adc530000-7f5adc53e000 r--s 00055000 08:05 359970                     /home/spongebob/.gradle/wrapper/dists/gradle-3.3-all/55gk2rcmfc6p2dg9u9ohc3hw9/gradle-3.3/lib/plugins/gradle-platform-native-3.3.jar
7f5adc53e000-7f5adc543000 r--s 0001f000 08:05 359934                     /home/spongebob/.gradle/wrapper/dists/gradle-3.3-all/55gk2rcmfc6p2dg9u9ohc3hw9/gradle-3.3/lib/plugins/gradle-platform-jvm-3.3.jar
7f5adc543000-7f5adc54b000 r--s 00027000 08:05 359920                     /home/spongebob/.gradle/wrapper/dists/gradle-3.3-all/55gk2rcmfc6p2dg9u9ohc3hw9/gradle-3.3/lib/plugins/gradle-platform-base-3.3.jar
7f5adc54b000-7f5adc573000 r--s 0021c000 08:05 360380                     /home/spongebob/.gradle/wrapper/dists/gradle-3.3-all/55gk2rcmfc6p2dg9u9ohc3hw9/gradle-3.3/lib/plugins/biz.aQute.bndlib-3.2.0.jar
7f5adc573000-7f5adc575000 r--s 00003000 08:05 359597                     /home/spongebob/.gradle/wrapper/dists/gradle-3.3-all/55gk2rcmfc6p2dg9u9ohc3hw9/gradle-3.3/lib/plugins/gradle-osgi-3.3.jar
7f5adc575000-7f5adc578000 r--s 0000c000 08:05 360413                     /home/spongebob/.gradle/wrapper/dists/gradle-3.3-all/55gk2rcmfc6p2dg9u9ohc3hw9/gradle-3.3/lib/plugins/pmaven-groovy-0.8-20100325.jar
7f5adc578000-7f5adc579000 r--s 00004000 08:05 360397                     /home/spongebob/.gradle/wrapper/dists/gradle-3.3-all/55gk2rcmfc6p2dg9u9ohc3hw9/gradle-3.3/lib/plugins/pmaven-common-0.8-20100325.jar
7f5adc579000-7f5adc57f000 r--s 00023000 08:05 359598                     /home/spongebob/.gradle/wrapper/dists/gradle-3.3-all/55gk2rcmfc6p2dg9u9ohc3hw9/gradle-3.3/lib/plugins/gradle-maven-3.3.jar
7f5adc57f000-7f5adc582000 r--s 0000b000 08:05 359941                     /home/spongebob/.gradle/wrapper/dists/gradle-3.3-all/55gk2rcmfc6p2dg9u9ohc3hw9/gradle-3.3/lib/plugins/gradle-language-scala-3.3.jar
7f5adc582000-7f5adc588000 r--s 0001a000 08:05 360123                     /home/spongebob/.gradle/wrapper/dists/gradle-3.3-all/55gk2rcmfc6p2dg9u9ohc3hw9/gradle-3.3/lib/plugins/gradle-language-native-3.3.jar
7f5adc588000-7f5adc58b000 r--s 00005000 08:05 359936                     /home/spongebob/.gradle/wrapper/dists/gradle-3.3-all/55gk2rcmfc6p2dg9u9ohc3hw9/gradle-3.3/lib/plugins/gradle-language-jvm-3.3.jar
7f5adc58b000-7f5adc591000 r--s 00027000 08:05 359939                     /home/spongebob/.gradle/wrapper/dists/gradle-3.3-all/55gk2rcmfc6p2dg9u9ohc3hw9/gradle-3.3/lib/plugins/gradle-language-java-3.3.jar
7f5adc591000-7f5adc593000 r--s 0000a000 08:05 359940                     /home/spongebob/.gradle/wrapper/dists/gradle-3.3-all/55gk2rcmfc6p2dg9u9ohc3hw9/gradle-3.3/lib/plugins/gradle-language-groovy-3.3.jar
7f5adc593000-7f5adc596000 r--s 0001e000 08:05 361244                     /home/spongebob/.gradle/wrapper/dists/gradle-3.3-all/55gk2rcmfc6p2dg9u9ohc3hw9/gradle-3.3/lib/plugins/jsp-api-2.1-6.1.14.jar
7f5adc596000-7f5adc5b9000 r--s 00344000 08:05 361243                     /home/spongebob/.gradle/wrapper/dists/gradle-3.3-all/55gk2rcmfc6p2dg9u9ohc3hw9/gradle-3.3/lib/plugins/core-3.1.1.jar
7f5adc5b9000-7f5adc5ba000 r--s 00006000 08:05 361242                     /home/spongebob/.gradle/wrapper/dists/gradle-3.3-all/55gk2rcmfc6p2dg9u9ohc3hw9/gradle-3.3/lib/plugins/jetty-naming-6.1.26.jar
7f5adc5ba000-7f5adc5bb000 r--s 00002000 08:05 360371                     /home/spongebob/.gradle/wrapper/dists/gradle-3.3-all/55gk2rcmfc6p2dg9u9ohc3hw9/gradle-3.3/lib/plugins/geronimo-annotation_1.0_spec-1.0.jar
7f5adc5bb000-7f5adc5bd000 r--s 00002000 08:05 360369                     /home/spongebob/.gradle/wrapper/dists/gradle-3.3-all/55gk2rcmfc6p2dg9u9ohc3hw9/gradle-3.3/lib/plugins/jetty-annotations-6.1.26.jar
7f5adc5bd000-7f5adc5ce000 r--s 000ea000 08:05 360367                     /home/spongebob/.gradle/wrapper/dists/gradle-3.3-all/55gk2rcmfc6p2dg9u9ohc3hw9/gradle-3.3/lib/plugins/jsp-2.1-6.1.14.jar
7f5adc5ce000-7f5adc5d0000 r--s 0000d000 08:05 360366                     /home/spongebob/.gradle/wrapper/dists/gradle-3.3-all/55gk2rcmfc6p2dg9u9ohc3hw9/gradle-3.3/lib/plugins/jetty-plus-6.1.26.jar
7f5adc5d0000-7f5adc5d2000 r--s 0001f000 08:05 360352                     /home/spongebob/.gradle/wrapper/dists/gradle-3.3-all/55gk2rcmfc6p2dg9u9ohc3hw9/gradle-3.3/lib/plugins/servlet-api-2.5-20081211.jar
7f5adc5d2000-7f5adc5d6000 r--s 00028000 08:05 360337                     /home/spongebob/.gradle/wrapper/dists/gradle-3.3-all/55gk2rcmfc6p2dg9u9ohc3hw9/gradle-3.3/lib/plugins/jetty-util-6.1.26.jar
7f5adc5d6000-7f5adc5dd000 r--s 0007d000 08:05 360334                     /home/spongebob/.gradle/wrapper/dists/gradle-3.3-all/55gk2rcmfc6p2dg9u9ohc3hw9/gradle-3.3/lib/plugins/jetty-6.1.26.jar
7f5adc5dd000-7f5adc5df000 r--s 0000a000 08:05 359593                     /home/spongebob/.gradle/wrapper/dists/gradle-3.3-all/55gk2rcmfc6p2dg9u9ohc3hw9/gradle-3.3/lib/plugins/gradle-jetty-3.3.jar
7f5adc5df000-7f5adc5e6000 r--s 00035000 08:05 360421                     /home/spongebob/.gradle/wrapper/dists/gradle-3.3-all/55gk2rcmfc6p2dg9u9ohc3hw9/gradle-3.3/lib/plugins/simple-4.1.21.jar
7f5adc5e6000-7f5adc5f2000 r--s 00100000 08:05 360416                     /home/spongebob/.gradle/wrapper/dists/gradle-3.3-all/55gk2rcmfc6p2dg9u9ohc3hw9/gradle-3.3/lib/plugins/rhino-1.7R3.jar
7f5adc5f2000-7f5adc5f6000 r--s 00012000 08:05 359610                     /home/spongebob/.gradle/wrapper/dists/gradle-3.3-all/55gk2rcmfc6p2dg9u9ohc3hw9/gradle-3.3/lib/plugins/gradle-javascript-3.3.jar
7f5adc5f6000-7f5adc5f8000 r--s 0000d000 08:05 359913                     /home/spongebob/.gradle/wrapper/dists/gradle-3.3-all/55gk2rcmfc6p2dg9u9ohc3hw9/gradle-3.3/lib/plugins/gradle-jacoco-3.3.jar
7f5adc5f8000-7f5adc5fb000 r--s 0000e000 08:05 359912                     /home/spongebob/.gradle/wrapper/dists/gradle-3.3-all/55gk2rcmfc6p2dg9u9ohc3hw9/gradle-3.3/lib/plugins/gradle-ivy-3.3.jar
7f5adc5fb000-7f5adc5fc000 r--s 00002000 08:05 359972                     /home/spongebob/.gradle/wrapper/dists/gradle-3.3-all/55gk2rcmfc6p2dg9u9ohc3hw9/gradle-3.3/lib/plugins/gradle-ide-play-3.3.jar
7f5adc5fc000-7f5adc5ff000 r--s 00013000 08:05 360125                     /home/spongebob/.gradle/wrapper/dists/gradle-3.3-all/55gk2rcmfc6p2dg9u9ohc3hw9/gradle-3.3/lib/plugins/gradle-ide-native-3.3.jar
7f5adc5ff000-7f5adc608000 r--s 00055000 08:05 359600                     /home/spongebob/.gradle/wrapper/dists/gradle-3.3-all/55gk2rcmfc6p2dg9u9ohc3hw9/gradle-3.3/lib/plugins/gradle-ide-3.3.jar
7f5adc608000-7f5adc60a000 r--s 00007000 08:05 359608                     /home/spongebob/.gradle/wrapper/dists/gradle-3.3-all/55gk2rcmfc6p2dg9u9ohc3hw9/gradle-3.3/lib/plugins/gradle-ear-3.3.jar
7f5adc60a000-7f5adc610000 r--s 00039000 08:05 359908                     /home/spongebob/.gradle/wrapper/dists/gradle-3.3-all/55gk2rcmfc6p2dg9u9ohc3hw9/gradle-3.3/lib/plugins/gradle-diagnostics-3.3.jar
7f5adc610000-7f5adc611000 r--s 00009000 08:05 360315                     /home/spongebob/.gradle/wrapper/dists/gradle-3.3-all/55gk2rcmfc6p2dg9u9ohc3hw9/gradle-3.3/lib/plugins/gradle-composite-builds-3.3.jar
7f5adc611000-7f5adc615000 r--s 00023000 08:05 359591                     /home/spongebob/.gradle/wrapper/dists/gradle-3.3-all/55gk2rcmfc6p2dg9u9ohc3hw9/gradle-3.3/lib/plugins/gradle-code-quality-3.3.jar
7f5adc615000-7f5adc619000 r--s 00022000 08:05 359914                     /home/spongebob/.gradle/wrapper/dists/gradle-3.3-all/55gk2rcmfc6p2dg9u9ohc3hw9/gradle-3.3/lib/plugins/gradle-build-init-3.3.jar
7f5adc619000-7f5adc61f000 r--s 0008e000 08:05 359869                     /home/spongebob/.gradle/wrapper/dists/gradle-3.3-all/55gk2rcmfc6p2dg9u9ohc3hw9/gradle-3.3/lib/plugins/gradle-build-comparison-3.3.jar
7f5adc61f000-7f5adc620000 r--s 00001000 08:05 360316                     /home/spongebob/.gradle/wrapper/dists/gradle-3.3-all/55gk2rcmfc6p2dg9u9ohc3hw9/gradle-3.3/lib/plugins/gradle-build-cache-http-3.3.jar
7f5adc620000-7f5adc622000 r--s 00008000 08:05 359595                     /home/spongebob/.gradle/wrapper/dists/gradle-3.3-all/55gk2rcmfc6p2dg9u9ohc3hw9/gradle-3.3/lib/plugins/gradle-antlr-3.3.jar
7f5adc622000-7f5adc624000 r--s 00004000 08:05 359602                     /home/spongebob/.gradle/wrapper/dists/gradle-3.3-all/55gk2rcmfc6p2dg9u9ohc3hw9/gradle-3.3/lib/plugins/gradle-announce-3.3.jar
7f5adc624000-7f5adc63c000 r--s 00115000 08:05 361605                     /home/spongebob/.gradle/wrapper/dists/gradle-3.3-all/55gk2rcmfc6p2dg9u9ohc3hw9/gradle-3.3/lib/plugins/xercesImpl-2.9.1.jar
7f5adc63c000-7f5adc644000 r--s 00028000 08:05 361608                     /home/spongebob/.gradle/wrapper/dists/gradle-3.3-all/55gk2rcmfc6p2dg9u9ohc3hw9/gradle-3.3/lib/plugins/xml-apis-1.3.04.jar
7f5adc644000-7f5adc64a000 r--s 0005b000 08:05 361598                     /home/spongebob/.gradle/wrapper/dists/gradle-3.3-all/55gk2rcmfc6p2dg9u9ohc3hw9/gradle-3.3/lib/plugins/jcifs-1.3.17.jar
7f5adc64a000-7f5adc651000 r--s 00049000 08:05 361597                     /home/spongebob/.gradle/wrapper/dists/gradle-3.3-all/55gk2rcmfc6p2dg9u9ohc3hw9/gradle-3.3/lib/plugins/httpcore-4.4.4.jar
7f5adc651000-7f5adc667000 r-xp 00000000 08:05 136015                     /lib/x86_64-linux-gnu/libgcc_s.so.1
7f5adc667000-7f5adc866000 ---p 00016000 08:05 136015                     /lib/x86_64-linux-gnu/libgcc_s.so.1
7f5adc866000-7f5adc867000 rw-p 00015000 08:05 136015                     /lib/x86_64-linux-gnu/libgcc_s.so.1
7f5adc867000-7f5adc9d9000 r-xp 00000000 08:05 328                        /usr/lib/x86_64-linux-gnu/libstdc++.so.6.0.21
7f5adc9d9000-7f5adcbd9000 ---p 00172000 08:05 328                        /usr/lib/x86_64-linux-gnu/libstdc++.so.6.0.21
7f5adcbd9000-7f5adcbe3000 r--p 00172000 08:05 328                        /usr/lib/x86_64-linux-gnu/libstdc++.so.6.0.21
7f5adcbe3000-7f5adcbe5000 rw-p 0017c000 08:05 328                        /usr/lib/x86_64-linux-gnu/libstdc++.so.6.0.21
7f5adcbe5000-7f5adcbe9000 rw-p 00000000 00:00 0 
7f5adcbe9000-7f5adcbee000 r-xp 00000000 08:05 381065                     /home/spongebob/.gradle/native/23/linux-amd64/libnative-platform.so
7f5adcbee000-7f5adcded000 ---p 00005000 08:05 381065                     /home/spongebob/.gradle/native/23/linux-amd64/libnative-platform.so
7f5adcded000-7f5adcdee000 rw-p 00004000 08:05 381065                     /home/spongebob/.gradle/native/23/linux-amd64/libnative-platform.so
7f5adcdee000-7f5adcdff000 r-xp 00000000 08:05 273414                     /home/spongebob/android-studio/jre/jre/lib/amd64/libnio.so
7f5adcdff000-7f5adcffe000 ---p 00011000 08:05 273414                     /home/spongebob/android-studio/jre/jre/lib/amd64/libnio.so
7f5adcffe000-7f5adcfff000 r--p 00010000 08:05 273414                     /home/spongebob/android-studio/jre/jre/lib/amd64/libnio.so
7f5adcfff000-7f5add000000 rw-p 00011000 08:05 273414                     /home/spongebob/android-studio/jre/jre/lib/amd64/libnio.so
7f5add000000-7f5ae0000000 rw-p 00000000 00:00 0 
7f5ae0000000-7f5ae013b000 rw-p 00000000 00:00 0 
7f5ae013b000-7f5ae4000000 ---p 00000000 00:00 0 
7f5ae4000000-7f5ae4021000 rw-p 00000000 00:00 0 
7f5ae4021000-7f5ae8000000 ---p 00000000 00:00 0 
7f5ae8000000-7f5ae8040000 rw-p 00000000 00:00 0 
7f5ae8040000-7f5aec000000 ---p 00000000 00:00 0 
7f5aec000000-7f5aec021000 rw-p 00000000 00:00 0 
7f5aec021000-7f5af0000000 ---p 00000000 00:00 0 
7f5af0000000-7f5af0006000 r--s 00033000 08:05 360414                     /home/spongebob/.gradle/wrapper/dists/gradle-3.3-all/55gk2rcmfc6p2dg9u9ohc3hw9/gradle-3.3/lib/plugins/commons-codec-1.6.jar
7f5af0006000-7f5af0009000 r--s 0001c000 08:05 361153                     /home/spongebob/.gradle/wrapper/dists/gradle-3.3-all/55gk2rcmfc6p2dg9u9ohc3hw9/gradle-3.3/lib/plugins/nekohtml-1.9.14.jar
7f5af0009000-7f5af0016000 r--s 000a4000 08:05 361148                     /home/spongebob/.gradle/wrapper/dists/gradle-3.3-all/55gk2rcmfc6p2dg9u9ohc3hw9/gradle-3.3/lib/plugins/httpclient-4.4.1.jar
7f5af0016000-7f5af0019000 r--s 0000a000 08:05 360311                     /home/spongebob/.gradle/wrapper/dists/gradle-3.3-all/55gk2rcmfc6p2dg9u9ohc3hw9/gradle-3.3/lib/plugins/gradle-resources-http-3.3.jar
7f5af0019000-7f5af001d000 r--s 00015000 08:05 360310                     /home/spongebob/.gradle/wrapper/dists/gradle-3.3-all/55gk2rcmfc6p2dg9u9ohc3hw9/gradle-3.3/lib/plugins/gradle-plugin-use-3.3.jar
7f5af001d000-7f5af001e000 r--s 00000000 08:05 355361                     /home/spongebob/.gradle/wrapper/dists/gradle-3.3-all/55gk2rcmfc6p2dg9u9ohc3hw9/gradle-3.3/lib/gradle-installation-beacon-3.3.jar
7f5af001e000-7f5af0020000 r--s 00006000 08:05 361543                     /home/spongebob/.gradle/wrapper/dists/gradle-3.3-all/55gk2rcmfc6p2dg9u9ohc3hw9/gradle-3.3/lib/plugins/aether-connector-wagon-1.13.1.jar
7f5af0020000-7f5af0024000 r--s 0001c000 08:05 361542                     /home/spongebob/.gradle/wrapper/dists/gradle-3.3-all/55gk2rcmfc6p2dg9u9ohc3hw9/gradle-3.3/lib/plugins/aether-util-1.13.1.jar
7f5af0024000-7f5af0025000 r--s 00003000 08:05 361538                     /home/spongebob/.gradle/wrapper/dists/gradle-3.3-all/55gk2rcmfc6p2dg9u9ohc3hw9/gradle-3.3/lib/plugins/aether-spi-1.13.1.jar
7f5af0025000-7f5af0028000 r--s 0001d000 08:05 361537                     /home/spongebob/.gradle/wrapper/dists/gradle-3.3-all/55gk2rcmfc6p2dg9u9ohc3hw9/gradle-3.3/lib/plugins/aether-impl-1.13.1.jar
7f5af0028000-7f5af002b000 r--s 00013000 08:05 361536                     /home/spongebob/.gradle/wrapper/dists/gradle-3.3-all/55gk2rcmfc6p2dg9u9ohc3hw9/gradle-3.3/lib/plugins/aether-api-1.13.1.jar
7f5af002b000-7f5af002c000 r--s 00007000 08:05 361535                     /home/spongebob/.gradle/wrapper/dists/gradle-3.3-all/55gk2rcmfc6p2dg9u9ohc3hw9/gradle-3.3/lib/plugins/wagon-http-shared4-2.4.jar
7f5af002c000-7f5af002e000 r--s 0000b000 08:05 361525                     /home/spongebob/.gradle/wrapper/dists/gradle-3.3-all/55gk2rcmfc6p2dg9u9ohc3hw9/gradle-3.3/lib/plugins/wagon-provider-api-2.4.jar
7f5af002e000-7f5af002f000 r--s 00002000 08:05 361524                     /home/spongebob/.gradle/wrapper/dists/gradle-3.3-all/55gk2rcmfc6p2dg9u9ohc3hw9/gradle-3.3/lib/plugins/wagon-http-2.4.jar
7f5af002f000-7f5af0030000 r--s 00002000 08:05 361521                     /home/spongebob/.gradle/wrapper/dists/gradle-3.3-all/55gk2rcmfc6p2dg9u9ohc3hw9/gradle-3.3/lib/plugins/wagon-file-2.4.jar
7f5af0030000-7f5af0032000 r--s 0000c000 08:05 361520                     /home/spongebob/.gradle/wrapper/dists/gradle-3.3-all/55gk2rcmfc6p2dg9u9ohc3hw9/gradle-3.3/lib/plugins/maven-aether-provider-3.0.4.jar
7f5af0032000-7f5af0034000 r--s 0000b000 08:05 361519                     /home/spongebob/.gradle/wrapper/dists/gradle-3.3-all/55gk2rcmfc6p2dg9u9ohc3hw9/gradle-3.3/lib/plugins/maven-plugin-api-3.0.4.jar
7f5af0034000-7f5af0036000 r--s 00006000 08:05 361508                     /home/spongebob/.gradle/wrapper/dists/gradle-3.3-all/55gk2rcmfc6p2dg9u9ohc3hw9/gradle-3.3/lib/plugins/maven-repository-metadata-3.0.4.jar
7f5af0036000-7f5af0038000 r--s 0000b000 08:05 361501                     /home/spongebob/.gradle/wrapper/dists/gradle-3.3-all/55gk2rcmfc6p2dg9u9ohc3hw9/gradle-3.3/lib/plugins/maven-artifact-3.0.4.jar
7f5af0038000-7f5af003a000 r--s 00026000 08:05 361500                     /home/spongebob/.gradle/wrapper/dists/gradle-3.3-all/55gk2rcmfc6p2dg9u9ohc3hw9/gradle-3.3/lib/plugins/maven-model-3.0.4.jar
7f5af003a000-7f5af003e000 r--s 00021000 08:05 361491                     /home/spongebob/.gradle/wrapper/dists/gradle-3.3-all/55gk2rcmfc6p2dg9u9ohc3hw9/gradle-3.3/lib/plugins/maven-model-builder-3.0.4.jar
7f5af003e000-7f5af0044000 r--s 0003f000 08:05 361490                     /home/spongebob/.gradle/wrapper/dists/gradle-3.3-all/55gk2rcmfc6p2dg9u9ohc3hw9/gradle-3.3/lib/plugins/maven-compat-3.0.4.jar
7f5af0044000-7f5af0045000 r--s 00006000 08:05 361450                     /home/spongebob/.gradle/wrapper/dists/gradle-3.3-all/55gk2rcmfc6p2dg9u9ohc3hw9/gradle-3.3/lib/plugins/plexus-sec-dispatcher-1.3.jar
7f5af0045000-7f5af0047000 r--s 00002000 08:05 361449                     /home/spongebob/.gradle/wrapper/dists/gradle-3.3-all/55gk2rcmfc6p2dg9u9ohc3hw9/gradle-3.3/lib/plugins/plexus-cipher-1.7.jar
7f5af0047000-7f5af0049000 r--s 0000a000 08:05 361448                     /home/spongebob/.gradle/wrapper/dists/gradle-3.3-all/55gk2rcmfc6p2dg9u9ohc3hw9/gradle-3.3/lib/plugins/plexus-classworlds-2.4.jar
7f5af0049000-7f5af0050000 r--s 0002e000 08:05 361420                     /home/spongebob/.gradle/wrapper/dists/gradle-3.3-all/55gk2rcmfc6p2dg9u9ohc3hw9/gradle-3.3/lib/plugins/plexus-container-default-1.5.5.jar
7f5af0050000-7f5af0052000 r--s 00000000 08:05 361612                     /home/spongebob/.gradle/wrapper/dists/gradle-3.3-all/55gk2rcmfc6p2dg9u9ohc3hw9/gradle-3.3/lib/plugins/plexus-component-annotations-1.5.5.jar
7f5af0052000-7f5af0054000 r--s 0000d000 08:05 361416                     /home/spongebob/.gradle/wrapper/dists/gradle-3.3-all/55gk2rcmfc6p2dg9u9ohc3hw9/gradle-3.3/lib/plugins/plexus-interpolation-1.14.jar
7f5af0054000-7f5af0058000 r--s 00033000 08:05 361415                     /home/spongebob/.gradle/wrapper/dists/gradle-3.3-all/55gk2rcmfc6p2dg9u9ohc3hw9/gradle-3.3/lib/plugins/plexus-utils-2.0.6.jar
7f5af0058000-7f5af005b000 r--s 00008000 08:05 361248                     /home/spongebob/.gradle/wrapper/dists/gradle-3.3-all/55gk2rcmfc6p2dg9u9ohc3hw9/gradle-3.3/lib/plugins/maven-settings-builder-3.0.4.jar
7f5af005b000-7f5af005d000 r--s 0000a000 08:05 361246                     /home/spongebob/.gradle/wrapper/dists/gradle-3.3-all/55gk2rcmfc6p2dg9u9ohc3hw9/gradle-3.3/lib/plugins/maven-settings-3.0.4.jar
7f5af005d000-7f5af0062000 r--s 00040000 08:05 361194                     /home/spongebob/.gradle/wrapper/dists/gradle-3.3-all/55gk2rcmfc6p2dg9u9ohc3hw9/gradle-3.3/lib/plugins/jsch-0.1.53.jar
7f5af0062000-7f5af00a2000 r--s 00277000 08:05 361239                     /home/spongebob/.gradle/wrapper/dists/gradle-3.3-all/55gk2rcmfc6p2dg9u9ohc3hw9/gradle-3.3/lib/plugins/bcprov-jdk15on-1.51.jar
7f5af00a2000-7f5af00a6000 r--s 0001d000 08:05 361238                     /home/spongebob/.gradle/wrapper/dists/gradle-3.3-all/55gk2rcmfc6p2dg9u9ohc3hw9/gradle-3.3/lib/plugins/xbean-reflect-3.4.jar
7f5af00a6000-7f5af00b2000 r--s 0007d000 08:05 360382                     /home/spongebob/.gradle/wrapper/dists/gradle-3.3-all/55gk2rcmfc6p2dg9u9ohc3hw9/gradle-3.3/lib/plugins/maven-core-3.0.4.jar
7f5af00b2000-7f5af00b7000 r--s 00034000 08:05 360419                     /home/spongebob/.gradle/wrapper/dists/gradle-3.3-all/55gk2rcmfc6p2dg9u9ohc3hw9/gradle-3.3/lib/plugins/gson-2.7.jar
7f5af00b7000-7f5af00c6000 r--s 000d9000 08:05 361236                     /home/spongebob/.gradle/wrapper/dists/gradle-3.3-all/55gk2rcmfc6p2dg9u9ohc3hw9/gradle-3.3/lib/plugins/ivy-2.2.0.jar
7f5af00c6000-7f5af00e5000 r--s 000f6000 08:05 360331                     /home/spongebob/.gradle/wrapper/dists/gradle-3.3-all/55gk2rcmfc6p2dg9u9ohc3hw9/gradle-3.3/lib/plugins/gradle-dependency-management-3.3.jar
7f5af00e5000-7f5af00e7000 r--s 00005000 08:05 360317                     /home/spongebob/.gradle/wrapper/dists/gradle-3.3-all/55gk2rcmfc6p2dg9u9ohc3hw9/gradle-3.3/lib/plugins/gradle-workers-3.3.jar
7f5af00e7000-7f5af03e8000 rw-p 00000000 00:00 0 
7f5af03e8000-7f5af03ff000 r-xp 00000000 08:05 273412                     /home/spongebob/android-studio/jre/jre/lib/amd64/libnet.so
7f5af03ff000-7f5af05fe000 ---p 00017000 08:05 273412                     /home/spongebob/android-studio/jre/jre/lib/amd64/libnet.so
7f5af05fe000-7f5af05ff000 r--p 00016000 08:05 273412                     /home/spongebob/android-studio/jre/jre/lib/amd64/libnet.so
7f5af05ff000-7f5af0600000 rw-p 00017000 08:05 273412                     /home/spongebob/android-studio/jre/jre/lib/amd64/libnet.so
7f5af0600000-7f5af0601000 r--s 00006000 08:05 355359                     /home/spongebob/.gradle/wrapper/dists/gradle-3.3-all/55gk2rcmfc6p2dg9u9ohc3hw9/gradle-3.3/lib/gradle-wrapper-3.3.jar
7f5af0601000-7f5af060e000 r--s 00041000 08:05 355505                     /home/spongebob/.gradle/wrapper/dists/gradle-3.3-all/55gk2rcmfc6p2dg9u9ohc3hw9/gradle-3.3/lib/gradle-tooling-api-3.3.jar
7f5af060e000-7f5af0610000 r--s 00002000 08:05 359327                     /home/spongebob/.gradle/wrapper/dists/gradle-3.3-all/55gk2rcmfc6p2dg9u9ohc3hw9/gradle-3.3/lib/gradle-open-api-3.3.jar
7f5af0610000-7f5af0616000 r--s 00032000 08:05 359374                     /home/spongebob/.gradle/wrapper/dists/gradle-3.3-all/55gk2rcmfc6p2dg9u9ohc3hw9/gradle-3.3/lib/jaxen-1.1.jar
7f5af0616000-7f5af061b000 r--s 00048000 08:05 359355                     /home/spongebob/.gradle/wrapper/dists/gradle-3.3-all/55gk2rcmfc6p2dg9u9ohc3hw9/gradle-3.3/lib/dom4j-1.6.1.jar
7f5af061b000-7f5af0626000 r--s 00059000 08:05 355496                     /home/spongebob/.gradle/wrapper/dists/gradle-3.3-all/55gk2rcmfc6p2dg9u9ohc3hw9/gradle-3.3/lib/gradle-ui-3.3.jar
7f5af0626000-7f5af062f000 r--s 0008c000 08:05 355357                     /home/spongebob/.gradle/wrapper/dists/gradle-3.3-all/55gk2rcmfc6p2dg9u9ohc3hw9/gradle-3.3/lib/kotlin-stdlib-1.1-M02.jar
7f5af062f000-7f5af0635000 r--s 0002a000 08:05 355356                     /home/spongebob/.gradle/wrapper/dists/gradle-3.3-all/55gk2rcmfc6p2dg9u9ohc3hw9/gradle-3.3/lib/kotlin-runtime-1.1-M02.jar
7f5af0635000-7f5af0669000 r--s 00256000 08:05 355355                     /home/spongebob/.gradle/wrapper/dists/gradle-3.3-all/55gk2rcmfc6p2dg9u9ohc3hw9/gradle-3.3/lib/kotlin-reflect-1.1-M02.jar
7f5af0669000-7f5af07ff000 r--s 0157e000 08:05 355354                     /home/spongebob/.gradle/wrapper/dists/gradle-3.3-all/55gk2rcmfc6p2dg9u9ohc3hw9/gradle-3.3/lib/kotlin-compiler-embeddable-1.1-M02.jar
7f5af07ff000-7f5af0807000 r--s 0004e000 08:05 355353                     /home/spongebob/.gradle/wrapper/dists/gradle-3.3-all/55gk2rcmfc6p2dg9u9ohc3hw9/gradle-3.3/lib/gradle-script-kotlin-0.5.1.jar
7f5af0807000-7f5af080a000 r--s 0000b000 08:05 359044                     /home/spongebob/.gradle/wrapper/dists/gradle-3.3-all/55gk2rcmfc6p2dg9u9ohc3hw9/gradle-3.3/lib/gradle-resources-3.3.jar
7f5af080a000-7f5af080c000 r--s 00003000 08:05 359526                     /home/spongebob/.gradle/wrapper/dists/gradle-3.3-all/55gk2rcmfc6p2dg9u9ohc3hw9/gradle-3.3/lib/jcl-over-slf4j-1.7.10.jar
7f5af080c000-7f5af080d000 r--s 00005000 08:05 359494                     /home/spongebob/.gradle/wrapper/dists/gradle-3.3-all/55gk2rcmfc6p2dg9u9ohc3hw9/gradle-3.3/lib/log4j-over-slf4j-1.7.10.jar
7f5af080d000-7f5af080f000 r--s 00000000 08:05 359459                     /home/spongebob/.gradle/wrapper/dists/gradle-3.3-all/55gk2rcmfc6p2dg9u9ohc3hw9/gradle-3.3/lib/jul-to-slf4j-1.7.10.jar
7f5af080f000-7f5af0814000 r--s 0001e000 08:05 355567                     /home/spongebob/.gradle/wrapper/dists/gradle-3.3-all/55gk2rcmfc6p2dg9u9ohc3hw9/gradle-3.3/lib/gradle-logging-3.3.jar
7f5af0814000-7f5af0816000 r--s 00007000 08:05 359587                     /home/spongebob/.gradle/wrapper/dists/gradle-3.3-all/55gk2rcmfc6p2dg9u9ohc3hw9/gradle-3.3/lib/objenesis-1.2.jar
7f5af0816000-7f5af0818000 r--s 00000000 08:05 359585                     /home/spongebob/.gradle/wrapper/dists/gradle-3.3-all/55gk2rcmfc6p2dg9u9ohc3hw9/gradle-3.3/lib/minlog-1.2.jar
7f5af0818000-7f5af081a000 r--s 0000f000 08:05 359583                     /home/spongebob/.gradle/wrapper/dists/gradle-3.3-all/55gk2rcmfc6p2dg9u9ohc3hw9/gradle-3.3/lib/reflectasm-1.07-shaded.jar
7f5af081a000-7f5af081e000 r--s 00026000 08:05 359538                     /home/spongebob/.gradle/wrapper/dists/gradle-3.3-all/55gk2rcmfc6p2dg9u9ohc3hw9/gradle-3.3/lib/kryo-2.20.jar
7f5af081e000-7f5af0824000 r--s 00027000 08:05 359042                     /home/spongebob/.gradle/wrapper/dists/gradle-3.3-all/55gk2rcmfc6p2dg9u9ohc3hw9/gradle-3.3/lib/gradle-messaging-3.3.jar
7f5af0824000-7f5af0825000 r--s 00001000 08:05 359581                     /home/spongebob/.gradle/wrapper/dists/gradle-3.3-all/55gk2rcmfc6p2dg9u9ohc3hw9/gradle-3.3/lib/native-platform-linux-i386-ncurses6-0.12.jar
7f5af0825000-7f5af0826000 r--s 00001000 08:05 359579                     /home/spongebob/.gradle/wrapper/dists/gradle-3.3-all/55gk2rcmfc6p2dg9u9ohc3hw9/gradle-3.3/lib/native-platform-linux-i386-ncurses5-0.12.jar
7f5af0826000-7f5af0827000 r--s 00001000 08:05 359577                     /home/spongebob/.gradle/wrapper/dists/gradle-3.3-all/55gk2rcmfc6p2dg9u9ohc3hw9/gradle-3.3/lib/native-platform-linux-amd64-ncurses6-0.12.jar
7f5af0827000-7f5af0828000 r--s 00001000 08:05 359575                     /home/spongebob/.gradle/wrapper/dists/gradle-3.3-all/55gk2rcmfc6p2dg9u9ohc3hw9/gradle-3.3/lib/native-platform-linux-amd64-ncurses5-0.12.jar
7f5af0828000-7f5af0829000 r--s 0000b000 08:05 359573                     /home/spongebob/.gradle/wrapper/dists/gradle-3.3-all/55gk2rcmfc6p2dg9u9ohc3hw9/gradle-3.3/lib/native-platform-windows-i386-0.12.jar
7f5af0829000-7f5af082b000 r--s 0000b000 08:05 359571                     /home/spongebob/.gradle/wrapper/dists/gradle-3.3-all/55gk2rcmfc6p2dg9u9ohc3hw9/gradle-3.3/lib/native-platform-windows-amd64-0.12.jar
7f5af082b000-7f5af082d000 r--s 00002000 08:05 359569                     /home/spongebob/.gradle/wrapper/dists/gradle-3.3-all/55gk2rcmfc6p2dg9u9ohc3hw9/gradle-3.3/lib/native-platform-osx-i386-0.12.jar
7f5af082d000-7f5af082e000 r--s 00002000 08:05 359567                     /home/spongebob/.gradle/wrapper/dists/gradle-3.3-all/55gk2rcmfc6p2dg9u9ohc3hw9/gradle-3.3/lib/native-platform-osx-amd64-0.12.jar
7f5af082e000-7f5af082f000 r--s 00002000 08:05 359565                     /home/spongebob/.gradle/wrapper/dists/gradle-3.3-all/55gk2rcmfc6p2dg9u9ohc3hw9/gradle-3.3/lib/native-platform-linux-i386-0.12.jar
7f5af082f000-7f5af0830000 r--s 00002000 08:05 359563                     /home/spongebob/.gradle/wrapper/dists/gradle-3.3-all/55gk2rcmfc6p2dg9u9ohc3hw9/gradle-3.3/lib/native-platform-linux-amd64-0.12.jar
7f5af0830000-7f5af0831000 r--s 00003000 08:05 359561                     /home/spongebob/.gradle/wrapper/dists/gradle-3.3-all/55gk2rcmfc6p2dg9u9ohc3hw9/gradle-3.3/lib/native-platform-freebsd-i386-libstdcpp-0.12.jar
7f5af0831000-7f5af0832000 r--s 00004000 08:05 359558                     /home/spongebob/.gradle/wrapper/dists/gradle-3.3-all/55gk2rcmfc6p2dg9u9ohc3hw9/gradle-3.3/lib/native-platform-freebsd-i386-libcpp-0.12.jar
7f5af0832000-7f5af0834000 r--s 00003000 08:05 359555                     /home/spongebob/.gradle/wrapper/dists/gradle-3.3-all/55gk2rcmfc6p2dg9u9ohc3hw9/gradle-3.3/lib/native-platform-freebsd-amd64-libstdcpp-0.12.jar
7f5af0834000-7f5af0835000 r--s 00004000 08:05 359544                     /home/spongebob/.gradle/wrapper/dists/gradle-3.3-all/55gk2rcmfc6p2dg9u9ohc3hw9/gradle-3.3/lib/native-platform-freebsd-amd64-libcpp-0.12.jar
7f5af0835000-7f5af0838000 r--s 00023000 08:05 359457                     /home/spongebob/.gradle/wrapper/dists/gradle-3.3-all/55gk2rcmfc6p2dg9u9ohc3hw9/gradle-3.3/lib/jansi-1.14.jar
7f5af0838000-7f5af083c000 r--s 00011000 08:05 359395                     /home/spongebob/.gradle/wrapper/dists/gradle-3.3-all/55gk2rcmfc6p2dg9u9ohc3hw9/gradle-3.3/lib/native-platform-0.12.jar
7f5af083c000-7f5af084b000 r--s 0007f000 08:05 356551                     /home/spongebob/.gradle/wrapper/dists/gradle-3.3-all/55gk2rcmfc6p2dg9u9ohc3hw9/gradle-3.3/lib/gradle-model-core-3.3.jar
7f5af084b000-7f5af0858000 r--s 00083000 08:05 357384                     /home/spongebob/.gradle/wrapper/dists/gradle-3.3-all/55gk2rcmfc6p2dg9u9ohc3hw9/gradle-3.3/lib/commons-collections-3.2.2.jar
7f5af0858000-7f5af08c8000 r--s 00641000 08:05 356380                     /home/spongebob/.gradle/wrapper/dists/gradle-3.3-all/55gk2rcmfc6p2dg9u9ohc3hw9/gradle-3.3/lib/groovy-all-2.4.7.jar
7f5af08c8000-7f5af08f0000 r--s 001cf000 08:05 355679                     /home/spongebob/.gradle/wrapper/dists/gradle-3.3-all/55gk2rcmfc6p2dg9u9ohc3hw9/gradle-3.3/lib/guava-jdk5-17.0.jar
7f5af08f0000-7f5af090f000 r--s 001d1000 08:05 357349                     /home/spongebob/.gradle/wrapper/dists/gradle-3.3-all/55gk2rcmfc6p2dg9u9ohc3hw9/gradle-3.3/lib/ant-1.9.6.jar
7f5af090f000-7f5af0910000 ---p 00000000 00:00 0 
7f5af0910000-7f5af0a10000 rw-p 00000000 00:00 0 
7f5af0a10000-7f5af0a13000 ---p 00000000 00:00 0 
7f5af0a13000-7f5af0b11000 rw-p 00000000 00:00 0 
7f5af0b11000-7f5af0b14000 ---p 00000000 00:00 0 
7f5af0b14000-7f5af0c12000 rw-p 00000000 00:00 0 
7f5af0c12000-7f5af0c15000 ---p 00000000 00:00 0 
7f5af0c15000-7f5af0d13000 rw-p 00000000 00:00 0 
7f5af0d13000-7f5af1000000 r--p 00000000 08:05 1626                       /usr/lib/locale/locale-archive
7f5af1000000-7f5af3b50000 rwxp 00000000 00:00 0 
7f5af3b50000-7f5b00000000 ---p 00000000 00:00 0 
7f5b00000000-7f5b00d5f000 rw-p 00000000 00:00 0 
7f5b00d5f000-7f5b04000000 ---p 00000000 00:00 0 
7f5b04000000-7f5b04003000 r--s 0000a000 08:05 355566                     /home/spongebob/.gradle/wrapper/dists/gradle-3.3-all/55gk2rcmfc6p2dg9u9ohc3hw9/gradle-3.3/lib/gradle-native-3.3.jar
7f5b04003000-7f5b04005000 r--s 00005000 08:05 355432                     /home/spongebob/.gradle/wrapper/dists/gradle-3.3-all/55gk2rcmfc6p2dg9u9ohc3hw9/gradle-3.3/lib/gradle-cli-3.3.jar
7f5b04005000-7f5b04007000 r--s 00007000 08:05 357091                     /home/spongebob/.gradle/wrapper/dists/gradle-3.3-all/55gk2rcmfc6p2dg9u9ohc3hw9/gradle-3.3/lib/gradle-model-groovy-3.3.jar
7f5b04007000-7f5b04009000 r--s 00006000 08:05 358978                     /home/spongebob/.gradle/wrapper/dists/gradle-3.3-all/55gk2rcmfc6p2dg9u9ohc3hw9/gradle-3.3/lib/gradle-base-services-groovy-3.3.jar
7f5b04009000-7f5b0400a000 r--s 00002000 08:05 359089                     /home/spongebob/.gradle/wrapper/dists/gradle-3.3-all/55gk2rcmfc6p2dg9u9ohc3hw9/gradle-3.3/lib/gradle-docs-3.3.jar
7f5b0400a000-7f5b04047000 r--s 001f8000 08:05 355408                     /home/spongebob/.gradle/wrapper/dists/gradle-3.3-all/55gk2rcmfc6p2dg9u9ohc3hw9/gradle-3.3/lib/gradle-core-3.3.jar
7f5b04047000-7f5b0404a000 ---p 00000000 00:00 0 
7f5b0404a000-7f5b04148000 rw-p 00000000 00:00 0 
7f5b04148000-7f5b0414b000 ---p 00000000 00:00 0 
7f5b0414b000-7f5b04249000 rw-p 00000000 00:00 0 
7f5b04249000-7f5b0424c000 ---p 00000000 00:00 0 
7f5b0424c000-7f5b0434a000 rw-p 00000000 00:00 0 
7f5b0434a000-7f5b0434d000 ---p 00000000 00:00 0 
7f5b0434d000-7f5b0444b000 rw-p 00000000 00:00 0 
7f5b0444b000-7f5b0444c000 ---p 00000000 00:00 0 
7f5b0444c000-7f5b0552c000 rw-p 00000000 00:00 0 
7f5b0552c000-7f5b056f9000 r--s 03bec000 08:05 273385                     /home/spongebob/android-studio/jre/jre/lib/rt.jar
7f5b056f9000-7f5b0626f000 rw-p 00000000 00:00 0 
7f5b0626f000-7f5b06270000 ---p 00000000 00:00 0 
7f5b06270000-7f5b06370000 rw-p 00000000 00:00 0 
7f5b06370000-7f5b06371000 ---p 00000000 00:00 0 
7f5b06371000-7f5b06471000 rw-p 00000000 00:00 0 
7f5b06471000-7f5b06472000 ---p 00000000 00:00 0 
7f5b06472000-7f5b06572000 rw-p 00000000 00:00 0 
7f5b06572000-7f5b06573000 ---p 00000000 00:00 0 
7f5b06573000-7f5b0676d000 rw-p 00000000 00:00 0 
7f5b0676d000-7f5b06873000 ---p 00000000 00:00 0 
7f5b06873000-7f5b0696d000 rw-p 00000000 00:00 0 
7f5b0696d000-7f5b06a73000 ---p 00000000 00:00 0 
7f5b06a73000-7f5b06b73000 rw-p 00000000 00:00 0 
7f5b06b73000-7f5b06c22000 rw-p 00000000 00:00 0 
7f5b06c22000-7f5b06f34000 ---p 00000000 00:00 0 
7f5b06f34000-7f5b06f4e000 r-xp 00000000 08:05 273409                     /home/spongebob/android-studio/jre/jre/lib/amd64/libzip.so
7f5b06f4e000-7f5b0714e000 ---p 0001a000 08:05 273409                     /home/spongebob/android-studio/jre/jre/lib/amd64/libzip.so
7f5b0714e000-7f5b0714f000 r--p 0001a000 08:05 273409                     /home/spongebob/android-studio/jre/jre/lib/amd64/libzip.so
7f5b0714f000-7f5b07150000 rw-p 0001b000 08:05 273409                     /home/spongebob/android-studio/jre/jre/lib/amd64/libzip.so
7f5b07150000-7f5b0715b000 r-xp 00000000 08:05 140202                     /lib/x86_64-linux-gnu/libnss_files-2.23.so
7f5b0715b000-7f5b0735a000 ---p 0000b000 08:05 140202                     /lib/x86_64-linux-gnu/libnss_files-2.23.so
7f5b0735a000-7f5b0735b000 r--p 0000a000 08:05 140202                     /lib/x86_64-linux-gnu/libnss_files-2.23.so
7f5b0735b000-7f5b0735c000 rw-p 0000b000 08:05 140202                     /lib/x86_64-linux-gnu/libnss_files-2.23.so
7f5b0735c000-7f5b07362000 rw-p 00000000 00:00 0 
7f5b07362000-7f5b0736d000 r-xp 00000000 08:05 140172                     /lib/x86_64-linux-gnu/libnss_nis-2.23.so
7f5b0736d000-7f5b0756c000 ---p 0000b000 08:05 140172                     /lib/x86_64-linux-gnu/libnss_nis-2.23.so
7f5b0756c000-7f5b0756d000 r--p 0000a000 08:05 140172                     /lib/x86_64-linux-gnu/libnss_nis-2.23.so
7f5b0756d000-7f5b0756e000 rw-p 0000b000 08:05 140172                     /lib/x86_64-linux-gnu/libnss_nis-2.23.so
7f5b0756e000-7f5b07584000 r-xp 00000000 08:05 140194                     /lib/x86_64-linux-gnu/libnsl-2.23.so
7f5b07584000-7f5b07783000 ---p 00016000 08:05 140194                     /lib/x86_64-linux-gnu/libnsl-2.23.so
7f5b07783000-7f5b07784000 r--p 00015000 08:05 140194                     /lib/x86_64-linux-gnu/libnsl-2.23.so
7f5b07784000-7f5b07785000 rw-p 00016000 08:05 140194                     /lib/x86_64-linux-gnu/libnsl-2.23.so
7f5b07785000-7f5b07787000 rw-p 00000000 00:00 0 
7f5b07787000-7f5b0778f000 r-xp 00000000 08:05 140196                     /lib/x86_64-linux-gnu/libnss_compat-2.23.so
7f5b0778f000-7f5b0798e000 ---p 00008000 08:05 140196                     /lib/x86_64-linux-gnu/libnss_compat-2.23.so
7f5b0798e000-7f5b0798f000 r--p 00007000 08:05 140196                     /lib/x86_64-linux-gnu/libnss_compat-2.23.so
7f5b0798f000-7f5b07990000 rw-p 00008000 08:05 140196                     /lib/x86_64-linux-gnu/libnss_compat-2.23.so
7f5b07990000-7f5b079bd000 r-xp 00000000 08:05 273419                     /home/spongebob/android-studio/jre/jre/lib/amd64/libjava.so
7f5b079bd000-7f5b07bbc000 ---p 0002d000 08:05 273419                     /home/spongebob/android-studio/jre/jre/lib/amd64/libjava.so
7f5b07bbc000-7f5b07bbd000 r--p 0002c000 08:05 273419                     /home/spongebob/android-studio/jre/jre/lib/amd64/libjava.so
7f5b07bbd000-7f5b07bbf000 rw-p 0002d000 08:05 273419                     /home/spongebob/android-studio/jre/jre/lib/amd64/libjava.so
7f5b07bbf000-7f5b07bcf000 r-xp 00000000 08:05 273435                     /home/spongebob/android-studio/jre/jre/lib/amd64/libverify.so
7f5b07bcf000-7f5b07dce000 ---p 00010000 08:05 273435                     /home/spongebob/android-studio/jre/jre/lib/amd64/libverify.so
7f5b07dce000-7f5b07dd0000 r--p 0000f000 08:05 273435                     /home/spongebob/android-studio/jre/jre/lib/amd64/libverify.so
7f5b07dd0000-7f5b07dd1000 rw-p 00011000 08:05 273435                     /home/spongebob/android-studio/jre/jre/lib/amd64/libverify.so
7f5b07dd1000-7f5b07dd8000 r-xp 00000000 08:05 140170                     /lib/x86_64-linux-gnu/librt-2.23.so
7f5b07dd8000-7f5b07fd7000 ---p 00007000 08:05 140170                     /lib/x86_64-linux-gnu/librt-2.23.so
7f5b07fd7000-7f5b07fd8000 r--p 00006000 08:05 140170                     /lib/x86_64-linux-gnu/librt-2.23.so
7f5b07fd8000-7f5b07fd9000 rw-p 00007000 08:05 140170                     /lib/x86_64-linux-gnu/librt-2.23.so
7f5b07fd9000-7f5b080e1000 r-xp 00000000 08:05 140190                     /lib/x86_64-linux-gnu/libm-2.23.so
7f5b080e1000-7f5b082e0000 ---p 00108000 08:05 140190                     /lib/x86_64-linux-gnu/libm-2.23.so
7f5b082e0000-7f5b082e1000 r--p 00107000 08:05 140190                     /lib/x86_64-linux-gnu/libm-2.23.so
7f5b082e1000-7f5b082e2000 rw-p 00108000 08:05 140190                     /lib/x86_64-linux-gnu/libm-2.23.so
7f5b082e2000-7f5b08ec8000 r-xp 00000000 08:05 273438                     /home/spongebob/android-studio/jre/jre/lib/amd64/server/libjvm.so
7f5b08ec8000-7f5b090c8000 ---p 00be6000 08:05 273438                     /home/spongebob/android-studio/jre/jre/lib/amd64/server/libjvm.so
7f5b090c8000-7f5b09167000 r--p 00be6000 08:05 273438                     /home/spongebob/android-studio/jre/jre/lib/amd64/server/libjvm.so
7f5b09167000-7f5b09190000 rw-p 00c85000 08:05 273438                     /home/spongebob/android-studio/jre/jre/lib/amd64/server/libjvm.so
7f5b09190000-7f5b091d2000 rw-p 00000000 00:00 0 
7f5b091d2000-7f5b091ea000 r-xp 00000000 08:05 140192                     /lib/x86_64-linux-gnu/libpthread-2.23.so
7f5b091ea000-7f5b093e9000 ---p 00018000 08:05 140192                     /lib/x86_64-linux-gnu/libpthread-2.23.so
7f5b093e9000-7f5b093ea000 r--p 00017000 08:05 140192                     /lib/x86_64-linux-gnu/libpthread-2.23.so
7f5b093ea000-7f5b093eb000 rw-p 00018000 08:05 140192                     /lib/x86_64-linux-gnu/libpthread-2.23.so
7f5b093eb000-7f5b093ef000 rw-p 00000000 00:00 0 
7f5b093ef000-7f5b093f2000 r-xp 00000000 08:05 140178                     /lib/x86_64-linux-gnu/libdl-2.23.so
7f5b093f2000-7f5b095f1000 ---p 00003000 08:05 140178                     /lib/x86_64-linux-gnu/libdl-2.23.so
7f5b095f1000-7f5b095f2000 r--p 00002000 08:05 140178                     /lib/x86_64-linux-gnu/libdl-2.23.so
7f5b095f2000-7f5b095f3000 rw-p 00003000 08:05 140178                     /lib/x86_64-linux-gnu/libdl-2.23.so
7f5b095f3000-7f5b097b2000 r-xp 00000000 08:05 140180                     /lib/x86_64-linux-gnu/libc-2.23.so
7f5b097b2000-7f5b099b2000 ---p 001bf000 08:05 140180                     /lib/x86_64-linux-gnu/libc-2.23.so
7f5b099b2000-7f5b099b6000 r--p 001bf000 08:05 140180                     /lib/x86_64-linux-gnu/libc-2.23.so
7f5b099b6000-7f5b099b8000 rw-p 001c3000 08:05 140180                     /lib/x86_64-linux-gnu/libc-2.23.so
7f5b099b8000-7f5b099bc000 rw-p 00000000 00:00 0 
7f5b099bc000-7f5b099d2000 r-xp 00000000 08:05 273309                     /home/spongebob/android-studio/jre/lib/amd64/jli/libjli.so
7f5b099d2000-7f5b09bd1000 ---p 00016000 08:05 273309                     /home/spongebob/android-studio/jre/lib/amd64/jli/libjli.so
7f5b09bd1000-7f5b09bd2000 r--p 00015000 08:05 273309                     /home/spongebob/android-studio/jre/lib/amd64/jli/libjli.so
7f5b09bd2000-7f5b09bd3000 rw-p 00016000 08:05 273309                     /home/spongebob/android-studio/jre/lib/amd64/jli/libjli.so
7f5b09bd3000-7f5b09bf9000 r-xp 00000000 08:05 138523                     /lib/x86_64-linux-gnu/ld-2.23.so
7f5b09bf9000-7f5b09bfa000 r--s 00000000 08:05 358727                     /home/spongebob/.gradle/wrapper/dists/gradle-3.3-all/55gk2rcmfc6p2dg9u9ohc3hw9/gradle-3.3/lib/javax.inject-1.jar
7f5b09bfa000-7f5b09bfb000 r--s 00000000 08:05 358538                     /home/spongebob/.gradle/wrapper/dists/gradle-3.3-all/55gk2rcmfc6p2dg9u9ohc3hw9/gradle-3.3/lib/jcip-annotations-1.0.jar
7f5b09bfb000-7f5b09bff000 r--s 00027000 08:05 358498                     /home/spongebob/.gradle/wrapper/dists/gradle-3.3-all/55gk2rcmfc6p2dg9u9ohc3hw9/gradle-3.3/lib/commons-io-2.2.jar
7f5b09bff000-7f5b09c04000 r--s 00038000 08:05 357104                     /home/spongebob/.gradle/wrapper/dists/gradle-3.3-all/55gk2rcmfc6p2dg9u9ohc3hw9/gradle-3.3/lib/asm-all-5.1.jar
7f5b09c04000-7f5b09c06000 r--s 00000000 08:05 355403                     /home/spongebob/.gradle/wrapper/dists/gradle-3.3-all/55gk2rcmfc6p2dg9u9ohc3hw9/gradle-3.3/lib/gradle-jvm-services-3.3.jar
7f5b09c06000-7f5b09c0b000 r--s 00041000 08:05 355743                     /home/spongebob/.gradle/wrapper/dists/gradle-3.3-all/55gk2rcmfc6p2dg9u9ohc3hw9/gradle-3.3/lib/commons-lang-2.6.jar
7f5b09c0b000-7f5b09ccd000 rw-p 00000000 00:00 0 
7f5b09ccd000-7f5b09cd0000 ---p 00000000 00:00 0 
7f5b09cd0000-7f5b09dd2000 rw-p 00000000 00:00 0 
7f5b09dd2000-7f5b09dd3000 r--s 00001000 08:05 355974                     /home/spongebob/.gradle/wrapper/dists/gradle-3.3-all/55gk2rcmfc6p2dg9u9ohc3hw9/gradle-3.3/lib/gradle-process-services-3.3.jar
7f5b09dd3000-7f5b09dd4000 r--s 00000000 08:05 361818                     /home/spongebob/.gradle/wrapper/dists/gradle-3.3-all/55gk2rcmfc6p2dg9u9ohc3hw9/gradle-3.3/lib/gradle-version-info-3.3.jar
7f5b09dd4000-7f5b09dd5000 r--s 00007000 08:05 355656                     /home/spongebob/.gradle/wrapper/dists/gradle-3.3-all/55gk2rcmfc6p2dg9u9ohc3hw9/gradle-3.3/lib/slf4j-api-1.7.10.jar
7f5b09dd5000-7f5b09dd6000 r--s 00004000 08:05 359528                     /home/spongebob/.gradle/wrapper/dists/gradle-3.3-all/55gk2rcmfc6p2dg9u9ohc3hw9/gradle-3.3/lib/ant-launcher-1.9.6.jar
7f5b09dd6000-7f5b09ddf000 r--s 00042000 08:05 355368                     /home/spongebob/.gradle/wrapper/dists/gradle-3.3-all/55gk2rcmfc6p2dg9u9ohc3hw9/gradle-3.3/lib/gradle-base-services-3.3.jar
7f5b09ddf000-7f5b09dec000 r--s 0005c000 08:05 355358                     /home/spongebob/.gradle/wrapper/dists/gradle-3.3-all/55gk2rcmfc6p2dg9u9ohc3hw9/gradle-3.3/lib/gradle-launcher-3.3.jar
7f5b09dec000-7f5b09df4000 rw-s 00000000 08:05 638098                     /tmp/hsperfdata_spongebob/3341
7f5b09df4000-7f5b09df5000 rw-p 00000000 00:00 0 
7f5b09df5000-7f5b09df6000 ---p 00000000 00:00 0 
7f5b09df6000-7f5b09df8000 rw-p 00000000 00:00 0 
7f5b09df8000-7f5b09df9000 r--p 00025000 08:05 138523                     /lib/x86_64-linux-gnu/ld-2.23.so
7f5b09df9000-7f5b09dfa000 rw-p 00026000 08:05 138523                     /lib/x86_64-linux-gnu/ld-2.23.so
7f5b09dfa000-7f5b09dfb000 rw-p 00000000 00:00 0 
7ffea0be1000-7ffea0c02000 rw-p 00000000 00:00 0                          [stack]
7ffea0cdf000-7ffea0ce1000 r--p 00000000 00:00 0                          [vvar]
7ffea0ce1000-7ffea0ce3000 r-xp 00000000 00:00 0                          [vdso]
ffffffffff600000-ffffffffff601000 r-xp 00000000 00:00 0                  [vsyscall]

VM Arguments:
jvm_args: -Xmx1536m -Dfile.encoding=UTF-8 -Duser.country=US -Duser.language=en -Duser.variant 
java_command: org.gradle.launcher.daemon.bootstrap.GradleDaemon 3.3
java_class_path (initial): /home/spongebob/.gradle/wrapper/dists/gradle-3.3-all/55gk2rcmfc6p2dg9u9ohc3hw9/gradle-3.3/lib/gradle-launcher-3.3.jar
Launcher Type: SUN_STANDARD

Environment Variables:
JAVA_HOME=/usr/lib/jvm/java-8-oracle
PATH=/usr/local/sbin:/usr/local/bin:/usr/sbin:/usr/bin:/sbin:/bin:/usr/games:/usr/local/games:/snap/bin:/usr/lib/jvm/java-8-oracle/bin:/usr/lib/jvm/java-8-oracle/db/bin:/usr/lib/jvm/java-8-oracle/jre/bin
SHELL=/bin/bash
DISPLAY=:0

Signal Handlers:
SIGSEGV: [libjvm.so+0x9daac0], sa_mask[0]=11111111011111111101111111111110, sa_flags=SA_RESTART|SA_SIGINFO
SIGBUS: [libjvm.so+0x9daac0], sa_mask[0]=11111111011111111101111111111110, sa_flags=SA_RESTART|SA_SIGINFO
SIGFPE: [libjvm.so+0x840d90], sa_mask[0]=11111111011111111101111111111110, sa_flags=SA_RESTART|SA_SIGINFO
SIGPIPE: [libjvm.so+0x840d90], sa_mask[0]=11111111011111111101111111111110, sa_flags=SA_RESTART|SA_SIGINFO
SIGXFSZ: [libjvm.so+0x840d90], sa_mask[0]=11111111011111111101111111111110, sa_flags=SA_RESTART|SA_SIGINFO
SIGILL: [libjvm.so+0x840d90], sa_mask[0]=11111111011111111101111111111110, sa_flags=SA_RESTART|SA_SIGINFO
SIGUSR1: SIG_DFL, sa_mask[0]=00000000000000000000000000000000, sa_flags=none
SIGUSR2: [libjvm.so+0x840c60], sa_mask[0]=00100000000000000000000000000000, sa_flags=SA_RESTART|SA_SIGINFO
SIGHUP: [libjvm.so+0x840e50], sa_mask[0]=11111111011111111101111111111110, sa_flags=SA_RESTART|SA_SIGINFO
SIGINT: [libjvm.so+0x840e50], sa_mask[0]=11111111011111111101111111111110, sa_flags=SA_RESTART|SA_SIGINFO
SIGTERM: [libjvm.so+0x840e50], sa_mask[0]=11111111011111111101111111111110, sa_flags=SA_RESTART|SA_SIGINFO
SIGQUIT: [libjvm.so+0x840e50], sa_mask[0]=11111111011111111101111111111110, sa_flags=SA_RESTART|SA_SIGINFO


---------------  S Y S T E M  ---------------

OS:DISTRIB_ID=Ubuntu
DISTRIB_RELEASE=16.04
DISTRIB_CODENAME=xenial
DISTRIB_DESCRIPTION="Ubuntu 16.04.2 LTS"

uname:Linux 4.4.0-66-generic #87-Ubuntu SMP Fri Mar 3 15:29:05 UTC 2017 x86_64
libc:glibc 2.23 NPTL 2.23 
rlimit: STACK 8192k, CORE 0k, NPROC 15148, NOFILE 65536, AS infinity
load average:2.69 1.34 0.87

/proc/meminfo:
MemTotal:        3918552 kB
MemFree:          137688 kB
MemAvailable:      83232 kB
Buffers:            7464 kB
Cached:           279176 kB
SwapCached:            0 kB
Active:          3390432 kB
Inactive:         216600 kB
Active(anon):    3335700 kB
Inactive(anon):   175752 kB
Active(file):      54732 kB
Inactive(file):    40848 kB
Unevictable:           0 kB
Mlocked:               0 kB
SwapTotal:             0 kB
SwapFree:              0 kB
Dirty:               564 kB
Writeback:             0 kB
AnonPages:       3321340 kB
Mapped:           116116 kB
Shmem:            190144 kB
Slab:              74656 kB
SReclaimable:      40088 kB
SUnreclaim:        34568 kB
KernelStack:        9360 kB
PageTables:        34116 kB
NFS_Unstable:          0 kB
Bounce:                0 kB
WritebackTmp:          0 kB
CommitLimit:     1959276 kB
Committed_AS:    6479204 kB
VmallocTotal:   34359738367 kB
VmallocUsed:           0 kB
VmallocChunk:          0 kB
HardwareCorrupted:     0 kB
AnonHugePages:   1341440 kB
CmaTotal:              0 kB
CmaFree:               0 kB
HugePages_Total:       0
HugePages_Free:        0
HugePages_Rsvd:        0
HugePages_Surp:        0
Hugepagesize:       2048 kB
DirectMap4k:      141052 kB
DirectMap2M:     3926016 kB


CPU:total 4 (2 cores per cpu, 2 threads per core) family 6 model 58 stepping 9, cmov, cx8, fxsr, mmx, sse, sse2, sse3, ssse3, sse4.1, sse4.2, popcnt, avx, aes, clmul, erms, ht, tsc, tscinvbit, tscinv

/proc/cpuinfo:
processor	: 0
vendor_id	: GenuineIntel
cpu family	: 6
model		: 58
model name	: Intel(R) Core(TM) i5-3337U CPU @ 1.80GHz
stepping	: 9
microcode	: 0x15
cpu MHz		: 806.554
cache size	: 3072 KB
physical id	: 0
siblings	: 4
core id		: 0
cpu cores	: 2
apicid		: 0
initial apicid	: 0
fpu		: yes
fpu_exception	: yes
cpuid level	: 13
wp		: yes
flags		: fpu vme de pse tsc msr pae mce cx8 apic sep mtrr pge mca cmov pat pse36 clflush dts acpi mmx fxsr sse sse2 ss ht tm pbe syscall nx rdtscp lm constant_tsc arch_perfmon pebs bts rep_good nopl xtopology nonstop_tsc aperfmperf eagerfpu pni pclmulqdq dtes64 monitor ds_cpl vmx est tm2 ssse3 cx16 xtpr pdcm pcid sse4_1 sse4_2 x2apic popcnt tsc_deadline_timer aes xsave avx f16c rdrand lahf_lm epb tpr_shadow vnmi flexpriority ept vpid fsgsbase smep erms xsaveopt dtherm ida arat pln pts
bugs		:
bogomips	: 3591.76
clflush size	: 64
cache_alignment	: 64
address sizes	: 36 bits physical, 48 bits virtual
power management:

processor	: 1
vendor_id	: GenuineIntel
cpu family	: 6
model		: 58
model name	: Intel(R) Core(TM) i5-3337U CPU @ 1.80GHz
stepping	: 9
microcode	: 0x15
cpu MHz		: 1001.039
cache size	: 3072 KB
physical id	: 0
siblings	: 4
core id		: 0
cpu cores	: 2
apicid		: 1
initial apicid	: 1
fpu		: yes
fpu_exception	: yes
cpuid level	: 13
wp		: yes
flags		: fpu vme de pse tsc msr pae mce cx8 apic sep mtrr pge mca cmov pat pse36 clflush dts acpi mmx fxsr sse sse2 ss ht tm pbe syscall nx rdtscp lm constant_tsc arch_perfmon pebs bts rep_good nopl xtopology nonstop_tsc aperfmperf eagerfpu pni pclmulqdq dtes64 monitor ds_cpl vmx est tm2 ssse3 cx16 xtpr pdcm pcid sse4_1 sse4_2 x2apic popcnt tsc_deadline_timer aes xsave avx f16c rdrand lahf_lm epb tpr_shadow vnmi flexpriority ept vpid fsgsbase smep erms xsaveopt dtherm ida arat pln pts
bugs		:
bogomips	: 3591.76
clflush size	: 64
cache_alignment	: 64
address sizes	: 36 bits physical, 48 bits virtual
power management:

processor	: 2
vendor_id	: GenuineIntel
cpu family	: 6
model		: 58
model name	: Intel(R) Core(TM) i5-3337U CPU @ 1.80GHz
stepping	: 9
microcode	: 0x15
cpu MHz		: 802.476
cache size	: 3072 KB
physical id	: 0
siblings	: 4
core id		: 1
cpu cores	: 2
apicid		: 2
initial apicid	: 2
fpu		: yes
fpu_exception	: yes
cpuid level	: 13
wp		: yes
flags		: fpu vme de pse tsc msr pae mce cx8 apic sep mtrr pge mca cmov pat pse36 clflush dts acpi mmx fxsr sse sse2 ss ht tm pbe syscall nx rdtscp lm constant_tsc arch_perfmon pebs bts rep_good nopl xtopology nonstop_tsc aperfmperf eagerfpu pni pclmulqdq dtes64 monitor ds_cpl vmx est tm2 ssse3 cx16 xtpr pdcm pcid sse4_1 sse4_2 x2apic popcnt tsc_deadline_timer aes xsave avx f16c rdrand lahf_lm epb tpr_shadow vnmi flexpriority ept vpid fsgsbase smep erms xsaveopt dtherm ida arat pln pts
bugs		:
bogomips	: 3591.76
clflush size	: 64
cache_alignment	: 64
address sizes	: 36 bits physical, 48 bits virtual
power management:

processor	: 3
vendor_id	: GenuineIntel
cpu family	: 6
model		: 58
model name	: Intel(R) Core(TM) i5-3337U CPU @ 1.80GHz
stepping	: 9
microcode	: 0x15
cpu MHz		: 829.054
cache size	: 3072 KB
physical id	: 0
siblings	: 4
core id		: 1
cpu cores	: 2
apicid		: 3
initial apicid	: 3
fpu		: yes
fpu_exception	: yes
cpuid level	: 13
wp		: yes
flags		: fpu vme de pse tsc msr pae mce cx8 apic sep mtrr pge mca cmov pat pse36 clflush dts acpi mmx fxsr sse sse2 ss ht tm pbe syscall nx rdtscp lm constant_tsc arch_perfmon pebs bts rep_good nopl xtopology nonstop_tsc aperfmperf eagerfpu pni pclmulqdq dtes64 monitor ds_cpl vmx est tm2 ssse3 cx16 xtpr pdcm pcid sse4_1 sse4_2 x2apic popcnt tsc_deadline_timer aes xsave avx f16c rdrand lahf_lm epb tpr_shadow vnmi flexpriority ept vpid fsgsbase smep erms xsaveopt dtherm ida arat pln pts
bugs		:
bogomips	: 3591.76
clflush size	: 64
cache_alignment	: 64
address sizes	: 36 bits physical, 48 bits virtual
power management:



Memory: 4k page, physical 3918552k(137688k free), swap 0k(0k free)

vm_info: OpenJDK 64-Bit Server VM (25.76-b03) for linux-amd64 JRE (1.8.0_76-release-b03), built on Jun 29 2016 09:39:19 by "builder" with gcc 4.8.4

time: Thu Mar 16 10:44:49 2017
elapsed time: 330 seconds (0d 0h 5m 30s)

